<?xml version="1.0" encoding="utf-8"?><testsuites name="pytest tests"><testsuite name="pytest" errors="0" failures="1" skipped="0" tests="10" time="148.341" timestamp="2026-09-12T20:33:19.500810+00:00" hostname="agent-env-f31bcbf9-e051-44cf-a4cd-4225e91f3de3"><testcase classname="tests.test_iter58_identity_workflow_mutations" name="test_subscription_request_main_approval_idempotent" time="36.263" /><testcase classname="tests.test_iter58_identity_workflow_mutations" name="test_second_subscription_request_extends_expiry" time="12.549" /><testcase classname="tests.test_iter58_identity_workflow_mutations" name="test_profile_change_deferred_until_approval" time="20.391" /><testcase classname="tests.test_iter58_identity_workflow_mutations" name="test_role_escalation_rejected" time="0.379" /><testcase classname="tests.test_iter58_identity_workflow_mutations" name="test_review_recommendation_paths_and_bridge_guard" time="31.177"><failure message="AssertionError: &lt;!DOCTYPE html&gt;&#10;  &lt;!--[if lt IE 7]&gt; &lt;html class=&quot;no-js ie6 oldie&quot; lang=&quot;en-US&quot;&gt; &lt;![endif]--&gt;&#10;  &lt;!--[if IE 7]&gt;    &lt;html class=&quot;no-js ie7 oldie&quot; lang=&quot;en-US&quot;&gt; &lt;![endif]--&gt;&#10;  &lt;!--[if IE 8]&gt;    &lt;html class=&quot;no-js ie8 oldie&quot; lang=&quot;en-US&quot;&gt; &lt;![endif]--&gt;&#10;  &lt;!--[if gt IE 8]&gt;&lt;!--&gt; &lt;html class=&quot;no-js&quot; lang=&quot;en-US&quot;&gt; &lt;!--&lt;![endif]--&gt;&#10;  &lt;head&gt;&#10;  &#10;  &lt;title&gt;preview.emergentagent.com | 502: Bad gateway&lt;/title&gt;&#10;  &lt;meta charset=&quot;UTF-8&quot; /&gt;&#10;  &lt;meta http-equiv=&quot;Content-Type&quot; content=&quot;text/html; charset=UTF-8&quot; /&gt;&#10;  &lt;meta http-equiv=&quot;X-UA-Compatible&quot; content=&quot;IE=Edge&quot; /&gt;&#10;  &lt;meta name=&quot;robots&quot; content=&quot;noindex, nofollow&quot; /&gt;&#10;  &lt;meta name=&quot;viewport&quot; content=&quot;width=device-width,initial-scale=1&quot; /&gt;&#10;  &lt;link rel=&quot;stylesheet&quot; id=&quot;cf_styles-css&quot; href=&quot;/cdn-cgi/styles/main.css&quot; /&gt;&#10;  &lt;/head&gt;&#10;  &lt;body&gt;&#10;  &lt;div id=&quot;cf-wrapper&quot;&gt;&#10;      &lt;div id=&quot;cf-error-details&quot; class=&quot;p-0&quot;&gt;&#10;          &lt;header class=&quot;mx-auto pt-10 lg:pt-6 lg:px-8 w-240 lg:w-full mb-8&quot;&gt;&#10;              &lt;h1 class=&quot;inline-block sm:block sm:mb-2 font-light text-60 lg:text-4xl text-black-dark leading-tight mr-2&quot;&gt;&#10;                  &lt;span class=&quot;inline-block&quot;&gt;Bad gateway&lt;/span&gt;&#10;                  &lt;span class=&quot;code-label&quot;&gt;Error code 502&lt;/span&gt;&#10;              &lt;/h1&gt;&#10;              &lt;div&gt;&#10;                  Visit &lt;a href=&quot;https://www.cloudflare.com/5xx-error-landing?utm_source=errorcode_502&amp;utm_campaign=vbie-verify.cluster-5.preview.emergentcf.cloud&quot; target=&quot;_blank&quot; rel=&quot;noopener noreferrer&quot;&gt;cloudflare.com&lt;/a&gt; for more information.&#10;              &lt;/div&gt;&#10;              &lt;div class=&quot;mt-3&quot;&gt;2026-09-12 20:35:00 UTC&lt;/div&gt;&#10;          &lt;/header&gt;&#10;          &lt;div class=&quot;my-8 bg-gradient-gray&quot;&gt;&#10;              &lt;div class=&quot;w-240 lg:w-full mx-auto&quot;&gt;&#10;                  &lt;div class=&quot;clearfix md:px-8&quot;&gt;&#10;                      &lt;div id=&quot;cf-browser-status&quot; class=&quot; relative w-1/3 md:w-full py-15 md:p-0 md:py-8 md:text-left md:border-solid md:border-0 md:border-b md:border-gray-400 overflow-hidden float-left md:float-none text-center&quot;&gt;&#10;    &lt;div class=&quot;relative mb-10 md:m-0&quot;&gt;&#10;      &#10;      &lt;span class=&quot;cf-icon-browser block md:hidden h-20 bg-center bg-no-repeat&quot;&gt;&lt;/span&gt;&#10;      &lt;span class=&quot;cf-icon-ok w-12 h-12 absolute left-1/2 md:left-auto md:right-0 md:top-0 -ml-6 -bottom-4&quot;&gt;&lt;/span&gt;&#10;      &#10;    &lt;/div&gt;&#10;    &lt;span class=&quot;md:block w-full truncate&quot;&gt;You&lt;/span&gt;&#10;    &lt;h3 class=&quot;md:inline-block mt-3 md:mt-0 text-2xl text-gray-600 font-light leading-1.3&quot;&gt;&#10;    &#10;      Browser&#10;    &#10;    &lt;/h3&gt;&#10;    &#10;    &lt;span class=&quot;leading-1.3 text-2xl text-green-success&quot;&gt;Working&lt;/span&gt;&#10;    &#10;  &lt;/div&gt;&#10;                      &lt;div id=&quot;cf-cloudflare-status&quot; class=&quot; relative w-1/3 md:w-full py-15 md:p-0 md:py-8 md:text-left md:border-solid md:border-0 md:border-b md:border-gray-400 overflow-hidden float-left md:float-none text-center&quot;&gt;&#10;    &lt;div class=&quot;relative mb-10 md:m-0&quot;&gt;&#10;      &lt;a href=&quot;https://www.cloudflare.com/5xx-error-landing?utm_source=errorcode_502&amp;#38;utm_campaign=vbie-verify.cluster-5.preview.emergentcf.cloud&quot; target=&quot;_blank&quot; rel=&quot;noopener noreferrer&quot;&gt;&#10;      &lt;span class=&quot;cf-icon-cloud block md:hidden h-20 bg-center bg-no-repeat&quot;&gt;&lt;/span&gt;&#10;      &lt;span class=&quot;cf-icon-ok w-12 h-12 absolute left-1/2 md:left-auto md:right-0 md:top-0 -ml-6 -bottom-4&quot;&gt;&lt;/span&gt;&#10;      &lt;/a&gt;&#10;    &lt;/div&gt;&#10;    &lt;span class=&quot;md:block w-full truncate&quot;&gt;Chicago&lt;/span&gt;&#10;    &lt;h3 class=&quot;md:inline-block mt-3 md:mt-0 text-2xl text-gray-600 font-light leading-1.3&quot;&gt;&#10;    &lt;a href=&quot;https://www.cloudflare.com/5xx-error-landing?utm_source=errorcode_502&amp;utm_campaign=vbie-verify.cluster-5.preview.emergentcf.cloud&quot; target=&quot;_blank&quot; rel=&quot;noopener noreferrer&quot;&gt;&#10;      Cloudflare&#10;    &lt;/a&gt;&#10;    &lt;/h3&gt;&#10;    &#10;    &lt;span class=&quot;leading-1.3 text-2xl text-green-success&quot;&gt;Working&lt;/span&gt;&#10;    &#10;  &lt;/div&gt;&#10;                      &lt;div id=&quot;cf-host-status&quot; class=&quot;cf-error-source relative w-1/3 md:w-full py-15 md:p-0 md:py-8 md:text-left md:border-solid md:border-0 md:border-b md:border-gray-400 overflow-hidden float-left md:float-none text-center&quot;&gt;&#10;    &lt;div class=&quot;relative mb-10 md:m-0&quot;&gt;&#10;      &#10;      &lt;span class=&quot;cf-icon-server block md:hidden h-20 bg-center bg-no-repeat&quot;&gt;&lt;/span&gt;&#10;      &lt;span class=&quot;cf-icon-error w-12 h-12 absolute left-1/2 md:left-auto md:right-0 md:top-0 -ml-6 -bottom-4&quot;&gt;&lt;/span&gt;&#10;      &#10;    &lt;/div&gt;&#10;    &lt;span class=&quot;md:block w-full truncate&quot;&gt;vbie-verify.cluster-5.preview.emergentcf.cloud&lt;/span&gt;&#10;    &lt;h3 class=&quot;md:inline-block mt-3 md:mt-0 text-2xl text-gray-600 font-light leading-1.3&quot;&gt;&#10;    &#10;      Host&#10;    &#10;    &lt;/h3&gt;&#10;    &#10;    &lt;span class=&quot;leading-1.3 text-2xl text-red-error&quot;&gt;Error&lt;/span&gt;&#10;    &#10;  &lt;/div&gt;&#10;                  &lt;/div&gt;&#10;              &lt;/div&gt;&#10;          &lt;/div&gt;&#10;  &#10;          &lt;div class=&quot;w-240 lg:w-full mx-auto mb-8 lg:px-8&quot;&gt;&#10;              &lt;div class=&quot;clearfix&quot;&gt;&#10;                  &lt;div class=&quot;w-1/2 md:w-full float-left pr-6 md:pb-10 md:pr-0 leading-relaxed&quot;&gt;&#10;                      &lt;h2 class=&quot;text-3xl font-normal leading-1.3 mb-4&quot;&gt;What happened?&lt;/h2&gt;&#10;                      &lt;p&gt;The web server reported a bad gateway error.&lt;/p&gt;&#10;                  &lt;/div&gt;&#10;                  &lt;div class=&quot;w-1/2 md:w-full float-left leading-relaxed&quot;&gt;&#10;                      &lt;h2 class=&quot;text-3xl font-normal leading-1.3 mb-4&quot;&gt;What can I do?&lt;/h2&gt;&#10;                      &lt;p class=&quot;mb-6&quot;&gt;Please try again in a few minutes.&lt;/p&gt;&#10;                  &lt;/div&gt;&#10;              &lt;/div&gt;&#10;          &lt;/div&gt;&#10;  &#10;          &lt;div class=&quot;cf-error-footer cf-wrapper w-240 lg:w-full py-10 sm:py-4 sm:px-8 mx-auto text-center sm:text-left border-solid border-0 border-t border-gray-300&quot;&gt;&#10;      &lt;p class=&quot;text-13&quot;&gt;&#10;        &lt;span class=&quot;cf-footer-item sm:block sm:mb-1&quot;&gt;Cloudflare Ray ID: &lt;strong class=&quot;font-semibold&quot;&gt;a3a1b1bf6b8fe7fa&lt;/strong&gt;&lt;/span&gt;&#10;        &lt;span class=&quot;cf-footer-separator sm:hidden&quot;&gt;&amp;bull;&lt;/span&gt;&#10;        &lt;span id=&quot;cf-footer-item-ip&quot; class=&quot;cf-footer-item hidden sm:block sm:mb-1&quot;&gt;&#10;          Your IP:&#10;          &lt;button type=&quot;button&quot; id=&quot;cf-footer-ip-reveal&quot; class=&quot;cf-footer-ip-reveal-btn&quot;&gt;Click to reveal&lt;/button&gt;&#10;          &lt;span class=&quot;hidden&quot; id=&quot;cf-footer-ip&quot;&gt;34.170.12.145&lt;/span&gt;&#10;          &lt;span class=&quot;cf-footer-separator sm:hidden&quot;&gt;&amp;bull;&lt;/span&gt;&#10;        &lt;/span&gt;&#10;        &lt;span class=&quot;cf-footer-item sm:block sm:mb-1&quot;&gt;&lt;span&gt;Performance &amp;amp; security by&lt;/span&gt; &lt;a rel=&quot;noopener noreferrer&quot; href=&quot;https://www.cloudflare.com/5xx-error-landing?utm_source=errorcode_502&amp;#38;utm_campaign=vbie-verify.cluster-5.preview.emergentcf.cloud&quot; id=&quot;brand_link&quot; target=&quot;_blank&quot;&gt;Cloudflare&lt;/a&gt;&lt;/span&gt;&#10;        &#10;      &lt;/p&gt;&#10;      &lt;script&gt;(function(){function d(){var b=a.getElementById(&quot;cf-footer-item-ip&quot;),c=a.getElementById(&quot;cf-footer-ip-reveal&quot;);b&amp;&amp;&quot;classList&quot;in b&amp;&amp;(b.classList.remove(&quot;hidden&quot;),c.addEventListener(&quot;click&quot;,function(){c.classList.add(&quot;hidden&quot;);a.getElementById(&quot;cf-footer-ip&quot;).classList.remove(&quot;hidden&quot;)}))}var a=document;document.addEventListener&amp;&amp;a.addEventListener(&quot;DOMContentLoaded&quot;,d)})();&lt;/script&gt;&#10;    &lt;/div&gt;&lt;!-- /.error-footer --&gt;&#10;  &#10;      &lt;/div&gt;&#10;  &lt;/div&gt;&#10;  &lt;script&gt;(function(){function c(){var b=a.contentDocument||(a.contentWindow&amp;&amp;a.contentWindow.document);if(b){var d=b.createElement('script');d.innerHTML=&quot;window.__CF$cv$params={r:'a3a1b1bf4b789123',t:'MTc4OTI0NTI4MQ=='};var a=document.createElement('script');a.src='/cdn-cgi/challenge-platform/scripts/jsd/main.js';document.getElementsByTagName('head')[0].appendChild(a);&quot;;b.getElementsByTagName('head')[0].appendChild(d)}}if(document.body){var a=document.createElement('iframe');a.height=1;a.width=1;a.style.position='absolute';a.style.top=0;a.style.left=0;a.style.border='none';a.style.visibility='hidden';document.body.appendChild(a);if('loading'!==document.readyState)c();else if(window.addEventListener)document.addEventListener('DOMContentLoaded',c);else{var e=document.onreadystatechange||function(){};document.onreadystatechange=function(b){e(b);'loading'!==document.readyState&amp;&amp;(document.onreadystatechange=e,c())}}}})();&lt;/script&gt;&lt;/body&gt;&#10;  &lt;/html&gt;&#10;assert 502 == 200&#10; +  where 502 = &lt;Response [502]&gt;.status_code">session = &lt;requests.sessions.Session object at 0xf9b1a716b290&gt;
sub_headers = {'X-Staff-Token': 'eyJhbGciOiJIUzI1NiIsInR5cCI6IkpXVCJ9.eyJraW5kIjoic3RhZmYiLCJzaWQiOiI5NGJhZmEyNzliMzg0OGY0YjM5ZjYzOT...tIiwibmFtZSI6IlNha3NoaSIsInJvbGUiOiJzdWJfYWRtaW4iLCJleHAiOjE3ODkyODg0MDh9.FN7Bz64YNk4k3XAUdawjc8xK1ttSC4Y6jGDBIRbbRzw'}
main_headers = {'Authorization': 'Bearer eyJhbGciOiJSUzI1NiIsImtpZCI6IjY2MmQ3YTBkNGVlZmQzNDMyNjFjYWRkZmZhZWM2MjNkYzZjYTlmZjAiLCJ0eXAi...QgDqPGXmDW1y2NLExR3finzV5NXR5icd2ct4t2PuzstptJaesXPEA-zTJXblGdtN_vUrimaUDPHaCWUqfyy3hX-PH1zSqS2YniXxVtzommKN6BvuqUeiQ'}
prepared_submission = {'uid': 'VEYOrZmCJme5rQetUOChlGuGkMm1', 'submission_id': 'ITER58_SUB_VEYOrZmCJme5rQetUOChlGuGkMm1', 'selfie': 'fe5cf6e2a7d94ffa8f340c30dd9d8632', 'document': 'a80643c23a23404c8f36cce2613ea2b3', ...}
mongo_db = Database(MongoClient(host=['ac-kct7stx-shard-00-02.tpcdrfx.mongodb.net:27017', 'ac-kct7stx-shard-00-01.tpcdrfx.mongodb...True, w='majority', appname='Cluster0', authsource='admin', replicaset='atlas-wizbkn-shard-0', tls=True), 'leadnation')

    def test_review_recommendation_paths_and_bridge_guard(session, sub_headers, main_headers, prepared_submission, mongo_db):
        uid = prepared_submission["uid"]
        main_baseline = sorted(
            list(mongo_db.members_bridge.find({"uid": MAIN_ADMIN_UID}, {"_id": 0, "uid": 1, "geid": 1, "customer_id": 1}))
        )
    
        rec1 = session.post(
            f"{BASE_URL}/api/admin/users/{uid}/review",
            headers=sub_headers,
            json={"decision": "reject", "note": "TEST iter58 reject recommendation reason"},
            timeout=30,
        )
        assert rec1.status_code == 200, rec1.text
    
        inbox = session.get(f"{BASE_URL}/api/admin/approvals", headers=main_headers, timeout=45)
        assert inbox.status_code == 200, inbox.text
        req = next((r for r in inbox.json().get("requests", []) if r.get("uid") == uid and r.get("kind") == "review" and r.get("status") in ("pending", "failed")), None)
        assert req, "Pending review approval request not found"
    
        dec1 = session.post(
            f"{BASE_URL}/api/admin/approvals/decide",
            headers=main_headers,
            json={"request_ids": [req["id"]], "action": "decline"},
            timeout=60,
        )
        assert dec1.status_code == 200, dec1.text
        assert dec1.json()["results"][0]["status"] == "declined"
    
        rec2 = session.post(
            f"{BASE_URL}/api/admin/users/{uid}/review",
            headers=sub_headers,
            json={"decision": "approve", "note": "TEST iter58 approve recommendation reason"},
            timeout=30,
        )
        assert rec2.status_code == 200, rec2.text
        inbox2 = session.get(f"{BASE_URL}/api/admin/approvals", headers=main_headers, timeout=45)
        assert inbox2.status_code == 200, inbox2.text
        req2 = next((r for r in inbox2.json().get("requests", []) if r.get("uid") == uid and r.get("kind") == "review" and r.get("status") in ("pending", "failed")), None)
        assert req2
    
        dec2 = session.post(
            f"{BASE_URL}/api/admin/approvals/decide",
            headers=main_headers,
            json={"request_ids": [req2["id"]], "action": "approve"},
            timeout=90,
        )
&gt;       assert dec2.status_code == 200, dec2.text
E       AssertionError: &lt;!DOCTYPE html&gt;
E         &lt;!--[if lt IE 7]&gt; &lt;html class="no-js ie6 oldie" lang="en-US"&gt; &lt;![endif]--&gt;
E         &lt;!--[if IE 7]&gt;    &lt;html class="no-js ie7 oldie" lang="en-US"&gt; &lt;![endif]--&gt;
E         &lt;!--[if IE 8]&gt;    &lt;html class="no-js ie8 oldie" lang="en-US"&gt; &lt;![endif]--&gt;
E         &lt;!--[if gt IE 8]&gt;&lt;!--&gt; &lt;html class="no-js" lang="en-US"&gt; &lt;!--&lt;![endif]--&gt;
E         &lt;head&gt;
E         
E         &lt;title&gt;preview.emergentagent.com | 502: Bad gateway&lt;/title&gt;
E         &lt;meta charset="UTF-8" /&gt;
E         &lt;meta http-equiv="Content-Type" content="text/html; charset=UTF-8" /&gt;
E         &lt;meta http-equiv="X-UA-Compatible" content="IE=Edge" /&gt;
E         &lt;meta name="robots" content="noindex, nofollow" /&gt;
E         &lt;meta name="viewport" content="width=device-width,initial-scale=1" /&gt;
E         &lt;link rel="stylesheet" id="cf_styles-css" href="/cdn-cgi/styles/main.css" /&gt;
E         &lt;/head&gt;
E         &lt;body&gt;
E         &lt;div id="cf-wrapper"&gt;
E             &lt;div id="cf-error-details" class="p-0"&gt;
E                 &lt;header class="mx-auto pt-10 lg:pt-6 lg:px-8 w-240 lg:w-full mb-8"&gt;
E                     &lt;h1 class="inline-block sm:block sm:mb-2 font-light text-60 lg:text-4xl text-black-dark leading-tight mr-2"&gt;
E                         &lt;span class="inline-block"&gt;Bad gateway&lt;/span&gt;
E                         &lt;span class="code-label"&gt;Error code 502&lt;/span&gt;
E                     &lt;/h1&gt;
E                     &lt;div&gt;
E                         Visit &lt;a href="https://www.cloudflare.com/5xx-error-landing?utm_source=errorcode_502&amp;utm_campaign=vbie-verify.cluster-5.preview.emergentcf.cloud" target="_blank" rel="noopener noreferrer"&gt;cloudflare.com&lt;/a&gt; for more information.
E                     &lt;/div&gt;
E                     &lt;div class="mt-3"&gt;2026-09-12 20:35:00 UTC&lt;/div&gt;
E                 &lt;/header&gt;
E                 &lt;div class="my-8 bg-gradient-gray"&gt;
E                     &lt;div class="w-240 lg:w-full mx-auto"&gt;
E                         &lt;div class="clearfix md:px-8"&gt;
E                             &lt;div id="cf-browser-status" class=" relative w-1/3 md:w-full py-15 md:p-0 md:py-8 md:text-left md:border-solid md:border-0 md:border-b md:border-gray-400 overflow-hidden float-left md:float-none text-center"&gt;
E           &lt;div class="relative mb-10 md:m-0"&gt;
E             
E             &lt;span class="cf-icon-browser block md:hidden h-20 bg-center bg-no-repeat"&gt;&lt;/span&gt;
E             &lt;span class="cf-icon-ok w-12 h-12 absolute left-1/2 md:left-auto md:right-0 md:top-0 -ml-6 -bottom-4"&gt;&lt;/span&gt;
E             
E           &lt;/div&gt;
E           &lt;span class="md:block w-full truncate"&gt;You&lt;/span&gt;
E           &lt;h3 class="md:inline-block mt-3 md:mt-0 text-2xl text-gray-600 font-light leading-1.3"&gt;
E           
E             Browser
E           
E           &lt;/h3&gt;
E           
E           &lt;span class="leading-1.3 text-2xl text-green-success"&gt;Working&lt;/span&gt;
E           
E         &lt;/div&gt;
E                             &lt;div id="cf-cloudflare-status" class=" relative w-1/3 md:w-full py-15 md:p-0 md:py-8 md:text-left md:border-solid md:border-0 md:border-b md:border-gray-400 overflow-hidden float-left md:float-none text-center"&gt;
E           &lt;div class="relative mb-10 md:m-0"&gt;
E             &lt;a href="https://www.cloudflare.com/5xx-error-landing?utm_source=errorcode_502&amp;#38;utm_campaign=vbie-verify.cluster-5.preview.emergentcf.cloud" target="_blank" rel="noopener noreferrer"&gt;
E             &lt;span class="cf-icon-cloud block md:hidden h-20 bg-center bg-no-repeat"&gt;&lt;/span&gt;
E             &lt;span class="cf-icon-ok w-12 h-12 absolute left-1/2 md:left-auto md:right-0 md:top-0 -ml-6 -bottom-4"&gt;&lt;/span&gt;
E             &lt;/a&gt;
E           &lt;/div&gt;
E           &lt;span class="md:block w-full truncate"&gt;Chicago&lt;/span&gt;
E           &lt;h3 class="md:inline-block mt-3 md:mt-0 text-2xl text-gray-600 font-light leading-1.3"&gt;
E           &lt;a href="https://www.cloudflare.com/5xx-error-landing?utm_source=errorcode_502&amp;utm_campaign=vbie-verify.cluster-5.preview.emergentcf.cloud" target="_blank" rel="noopener noreferrer"&gt;
E             Cloudflare
E           &lt;/a&gt;
E           &lt;/h3&gt;
E           
E           &lt;span class="leading-1.3 text-2xl text-green-success"&gt;Working&lt;/span&gt;
E           
E         &lt;/div&gt;
E                             &lt;div id="cf-host-status" class="cf-error-source relative w-1/3 md:w-full py-15 md:p-0 md:py-8 md:text-left md:border-solid md:border-0 md:border-b md:border-gray-400 overflow-hidden float-left md:float-none text-center"&gt;
E           &lt;div class="relative mb-10 md:m-0"&gt;
E             
E             &lt;span class="cf-icon-server block md:hidden h-20 bg-center bg-no-repeat"&gt;&lt;/span&gt;
E             &lt;span class="cf-icon-error w-12 h-12 absolute left-1/2 md:left-auto md:right-0 md:top-0 -ml-6 -bottom-4"&gt;&lt;/span&gt;
E             
E           &lt;/div&gt;
E           &lt;span class="md:block w-full truncate"&gt;vbie-verify.cluster-5.preview.emergentcf.cloud&lt;/span&gt;
E           &lt;h3 class="md:inline-block mt-3 md:mt-0 text-2xl text-gray-600 font-light leading-1.3"&gt;
E           
E             Host
E           
E           &lt;/h3&gt;
E           
E           &lt;span class="leading-1.3 text-2xl text-red-error"&gt;Error&lt;/span&gt;
E           
E         &lt;/div&gt;
E                         &lt;/div&gt;
E                     &lt;/div&gt;
E                 &lt;/div&gt;
E         
E                 &lt;div class="w-240 lg:w-full mx-auto mb-8 lg:px-8"&gt;
E                     &lt;div class="clearfix"&gt;
E                         &lt;div class="w-1/2 md:w-full float-left pr-6 md:pb-10 md:pr-0 leading-relaxed"&gt;
E                             &lt;h2 class="text-3xl font-normal leading-1.3 mb-4"&gt;What happened?&lt;/h2&gt;
E                             &lt;p&gt;The web server reported a bad gateway error.&lt;/p&gt;
E                         &lt;/div&gt;
E                         &lt;div class="w-1/2 md:w-full float-left leading-relaxed"&gt;
E                             &lt;h2 class="text-3xl font-normal leading-1.3 mb-4"&gt;What can I do?&lt;/h2&gt;
E                             &lt;p class="mb-6"&gt;Please try again in a few minutes.&lt;/p&gt;
E                         &lt;/div&gt;
E                     &lt;/div&gt;
E                 &lt;/div&gt;
E         
E                 &lt;div class="cf-error-footer cf-wrapper w-240 lg:w-full py-10 sm:py-4 sm:px-8 mx-auto text-center sm:text-left border-solid border-0 border-t border-gray-300"&gt;
E             &lt;p class="text-13"&gt;
E               &lt;span class="cf-footer-item sm:block sm:mb-1"&gt;Cloudflare Ray ID: &lt;strong class="font-semibold"&gt;a3a1b1bf6b8fe7fa&lt;/strong&gt;&lt;/span&gt;
E               &lt;span class="cf-footer-separator sm:hidden"&gt;&amp;bull;&lt;/span&gt;
E               &lt;span id="cf-footer-item-ip" class="cf-footer-item hidden sm:block sm:mb-1"&gt;
E                 Your IP:
E                 &lt;button type="button" id="cf-footer-ip-reveal" class="cf-footer-ip-reveal-btn"&gt;Click to reveal&lt;/button&gt;
E                 &lt;span class="hidden" id="cf-footer-ip"&gt;34.170.12.145&lt;/span&gt;
E                 &lt;span class="cf-footer-separator sm:hidden"&gt;&amp;bull;&lt;/span&gt;
E               &lt;/span&gt;
E               &lt;span class="cf-footer-item sm:block sm:mb-1"&gt;&lt;span&gt;Performance &amp;amp; security by&lt;/span&gt; &lt;a rel="noopener noreferrer" href="https://www.cloudflare.com/5xx-error-landing?utm_source=errorcode_502&amp;#38;utm_campaign=vbie-verify.cluster-5.preview.emergentcf.cloud" id="brand_link" target="_blank"&gt;Cloudflare&lt;/a&gt;&lt;/span&gt;
E               
E             &lt;/p&gt;
E             &lt;script&gt;(function(){function d(){var b=a.getElementById("cf-footer-item-ip"),c=a.getElementById("cf-footer-ip-reveal");b&amp;&amp;"classList"in b&amp;&amp;(b.classList.remove("hidden"),c.addEventListener("click",function(){c.classList.add("hidden");a.getElementById("cf-footer-ip").classList.remove("hidden")}))}var a=document;document.addEventListener&amp;&amp;a.addEventListener("DOMContentLoaded",d)})();&lt;/script&gt;
E           &lt;/div&gt;&lt;!-- /.error-footer --&gt;
E         
E             &lt;/div&gt;
E         &lt;/div&gt;
E         &lt;script&gt;(function(){function c(){var b=a.contentDocument||(a.contentWindow&amp;&amp;a.contentWindow.document);if(b){var d=b.createElement('script');d.innerHTML="window.__CF$cv$params={r:'a3a1b1bf4b789123',t:'MTc4OTI0NTI4MQ=='};var a=document.createElement('script');a.src='/cdn-cgi/challenge-platform/scripts/jsd/main.js';document.getElementsByTagName('head')[0].appendChild(a);";b.getElementsByTagName('head')[0].appendChild(d)}}if(document.body){var a=document.createElement('iframe');a.height=1;a.width=1;a.style.position='absolute';a.style.top=0;a.style.left=0;a.style.border='none';a.style.visibility='hidden';document.body.appendChild(a);if('loading'!==document.readyState)c();else if(window.addEventListener)document.addEventListener('DOMContentLoaded',c);else{var e=document.onreadystatechange||function(){};document.onreadystatechange=function(b){e(b);'loading'!==document.readyState&amp;&amp;(document.onreadystatechange=e,c())}}}})();&lt;/script&gt;&lt;/body&gt;
E         &lt;/html&gt;
E       assert 502 == 200
E        +  where 502 = &lt;Response [502]&gt;.status_code

tests/test_iter58_identity_workflow_mutations.py:409: AssertionError</failure></testcase><testcase classname="tests.test_iter58_identity_workflow_mutations" name="test_hard_delete_full_request_cycle" time="47.052" /><testcase classname="tests.test_iter58_registry_matching_mocked" name="test_mocked_registry_candidate_missing_fields_returns_none" time="0.014" /><testcase classname="tests.test_iter58_registry_matching_mocked" name="test_mocked_registry_candidate_ambiguous_returns_none" time="0.001" /><testcase classname="tests.test_iter58_registry_matching_mocked" name="test_mocked_registry_candidate_unicode_name_and_phone_normalization" time="0.001" /><testcase classname="tests.test_iter58_registry_matching_mocked" name="test_mocked_accept_match_requires_unique_candidate" time="0.000" /></testsuite></testsuites>