<?xml version="1.0" encoding="utf-8"?><testsuites name="pytest tests"><testsuite name="pytest" errors="0" failures="0" skipped="0" tests="8" time="48.018" timestamp="2026-09-06T23:31:28.385561+00:00" hostname="agent-env-f31bcbf9-e051-44cf-a4cd-4225e91f3de3"><testcase classname="backend.tests.test_iter56_hard_delete_flow" name="test_main_admin_users_list_has_7_real_users" time="19.457" /><testcase classname="backend.tests.test_iter56_hard_delete_flow" name="test_vaibhav_00002_row_complete" time="2.157" /><testcase classname="backend.tests.test_iter56_hard_delete_flow" name="test_test_flag_toggle_and_auto_flag" time="9.454" /><testcase classname="backend.tests.test_iter56_hard_delete_flow" name="test_export_endpoint_full_record" time="5.850" /><testcase classname="backend.tests.test_iter56_hard_delete_flow" name="test_subadmin_delete_request_short_case_400" time="2.974" /><testcase classname="backend.tests.test_iter56_hard_delete_flow" name="test_subadmin_cannot_hit_hard_delete_or_queue" time="2.522" /><testcase classname="backend.tests.test_iter56_hard_delete_flow" name="test_subadmin_delete_request_valid_then_main_admin_decline" time="5.213" /><testcase classname="backend.tests.test_iter56_hard_delete_flow" name="test_hard_delete_requires_typed_DELETE" time="0.300" /></testsuite></testsuites>