<?xml version="1.0" encoding="utf-8"?><testsuites name="pytest tests"><testsuite name="pytest" errors="0" failures="1" skipped="3" tests="7" time="28.147" timestamp="2026-09-12T20:46:14.702085+00:00" hostname="agent-env-f31bcbf9-e051-44cf-a4cd-4225e91f3de3"><testcase classname="backend.tests.test_iter59_final_critical_verification" name="test_review_approve_strict_and_canonical_readback" time="5.129"><skipped type="pytest.skip" message="No disposable account with selfie+document submission available">/app/backend/tests/test_iter59_final_critical_verification.py:207: No disposable account with selfie+document submission available</skipped></testcase><testcase classname="backend.tests.test_iter59_final_critical_verification" name="test_document_request_deferred_until_main_approval" time="0.000"><skipped type="pytest.skip" message="No disposable account with selfie+document submission available">/app/backend/tests/test_iter59_final_critical_verification.py:264: No disposable account with selfie+document submission available</skipped></testcase><testcase classname="backend.tests.test_iter59_final_critical_verification" name="test_main_approve_reject_recommendation" time="0.000"><skipped type="pytest.skip" message="No disposable account with selfie+document submission available">/app/backend/tests/test_iter59_final_critical_verification.py:301: No disposable account with selfie+document submission available</skipped></testcase><testcase classname="backend.tests.test_iter59_final_critical_verification" name="test_subscriber_contact_reveal_unlocked" time="1.712"><failure message="AssertionError: {&quot;detail&quot;:&quot;locked:plan&quot;}&#10;assert 402 == 200&#10; +  where 402 = &lt;Response [402]&gt;.status_code">backend/tests/test_iter59_final_critical_verification.py:360: in test_subscriber_contact_reveal_unlocked
    assert reveal.status_code == 200, reveal.text
E   AssertionError: {"detail":"locked:plan"}
E   assert 402 == 200
E    +  where 402 = &lt;Response [402]&gt;.status_code</failure></testcase><testcase classname="backend.tests.test_iter59_final_critical_verification" name="test_hard_delete_disposable_accounts_and_verify_cleanup" time="14.533" /><testcase classname="backend.tests.test_iter59_final_critical_verification" name="test_inbox_and_users_load_after_cleanup" time="5.397" /><testcase classname="backend.tests.test_iter59_final_critical_verification" name="test_no_leftover_disposable_requests_or_artifacts" time="1.153" /></testsuite></testsuites>