<?xml version="1.0" encoding="utf-8"?><testsuites name="pytest tests"><testsuite name="pytest" errors="0" failures="0" skipped="0" tests="8" time="40.831" timestamp="2026-09-06T21:30:09.704658+00:00" hostname="agent-env-f31bcbf9-e051-44cf-a4cd-4225e91f3de3"><testcase classname="backend.tests.test_iter53_categories_guard.TestAllocateCategories" name="test_categories_shape" time="16.219" /><testcase classname="backend.tests.test_iter53_categories_guard.TestAllocateCategories" name="test_seeded_rows_appear_in_expected_categories" time="1.056" /><testcase classname="backend.tests.test_iter53_categories_guard.TestAllocateCategories" name="test_subadmin_cannot_read_categories" time="0.987" /><testcase classname="backend.tests.test_iter53_categories_guard.TestAllocateGuard" name="test_allocate_with_verified_id_returns_400" time="2.547" /><testcase classname="backend.tests.test_iter53_categories_guard.TestAllocateGuard" name="test_allocate_with_rejected_id_returns_400" time="2.673" /><testcase classname="backend.tests.test_iter53_categories_guard.TestAllocateGuard" name="test_allocate_mixed_ids_all_or_nothing" time="4.934" /><testcase classname="backend.tests.test_iter53_categories_guard.TestAllocateGuard" name="test_subadmin_cannot_allocate" time="0.408" /><testcase classname="backend.tests.test_iter53_categories_guard.TestAllocateMissingCategory" name="test_allocate_missing_details_only" time="11.825" /></testsuite></testsuites>