<?xml version="1.0" encoding="utf-8"?><testsuites name="pytest tests"><testsuite name="pytest" errors="0" failures="0" skipped="0" tests="16" time="36.283" timestamp="2026-08-02T22:16:59.053889+00:00" hostname="agent-env-ca814307-8285-40db-b5d0-28d2f83c99af"><testcase classname="backend.tests.test_vbie_phase2" name="test_meta_scale" time="8.965" /><testcase classname="backend.tests.test_vbie_phase2" name="test_qa_audit" time="4.595" /><testcase classname="backend.tests.test_vbie_phase2" name="test_admin_list_requires_token" time="0.101" /><testcase classname="backend.tests.test_vbie_phase2" name="test_admin_list_ok" time="0.596" /><testcase classname="backend.tests.test_vbie_phase2" name="test_admin_edit_persists" time="2.032" /><testcase classname="backend.tests.test_vbie_phase2" name="test_admin_delete_soft" time="1.247" /><testcase classname="backend.tests.test_vbie_phase2" name="test_admin_bulk_delete_source" time="0.378" /><testcase classname="backend.tests.test_vbie_phase2" name="test_export_xlsx" time="2.607" /><testcase classname="backend.tests.test_vbie_phase2" name="test_export_pdf" time="1.362" /><testcase classname="backend.tests.test_vbie_phase2" name="test_ingest_status" time="0.893" /><testcase classname="backend.tests.test_vbie_phase2" name="test_ingest_run_bg" time="0.101" /><testcase classname="backend.tests.test_vbie_phase2" name="test_user_notifications_get" time="0.339" /><testcase classname="backend.tests.test_vbie_phase2" name="test_user_notifications_read_requires_auth" time="0.098" /><testcase classname="backend.tests.test_vbie_phase2" name="test_admin_notifications" time="0.899" /><testcase classname="backend.tests.test_vbie_phase2" name="test_buyer_source_warning" time="2.925" /><testcase classname="backend.tests.test_vbie_phase2" name="test_brain_buyer_gating_unauth" time="9.052" /></testsuite></testsuites>