<?xml version="1.0" encoding="utf-8"?><testsuites name="pytest tests"><testsuite name="pytest" errors="0" failures="0" skipped="0" tests="8" time="5.624" timestamp="2026-06-29T11:49:21.561164+00:00" hostname="agent-env-00905333-b708-4320-b34a-5289efe67fa2"><testcase classname="backend.tests.test_trade_intel.TestTradeIntelStatus" name="test_status" time="0.216" /><testcase classname="backend.tests.test_trade_intel.TestHsSearch" name="test_text_search_coffee" time="0.047" /><testcase classname="backend.tests.test_trade_intel.TestHsSearch" name="test_numeric_search" time="0.040" /><testcase classname="backend.tests.test_trade_intel.TestTradeStats" name="test_real_stats[090111]" time="0.047" /><testcase classname="backend.tests.test_trade_intel.TestTradeStats" name="test_real_stats[270900]" time="0.666" /><testcase classname="backend.tests.test_trade_intel.TestTradeStats" name="test_real_stats[851713]" time="0.039" /><testcase classname="backend.tests.test_trade_intel.TestTradeStats" name="test_invalid_short_hs" time="0.041" /><testcase classname="backend.tests.test_trade_intel.TestBrainTradeStats" name="test_brain_trade_stats" time="4.370" /></testsuite></testsuites>