<?xml version="1.0" encoding="utf-8"?><testsuites name="pytest tests"><testsuite name="pytest" errors="0" failures="1" skipped="0" tests="8" time="24.883" timestamp="2026-08-03T22:49:45.193744+00:00" hostname="agent-env-ca814307-8285-40db-b5d0-28d2f83c99af"><testcase classname="backend.tests.test_vbie_iter37" name="test_buyers_meta" time="4.914"><failure message="assert 502 == 200&#10; +  where 502 = &lt;Response [502]&gt;.status_code">backend/tests/test_vbie_iter37.py:15: in test_buyers_meta
    assert r.status_code == 200
E   assert 502 == 200
E    +  where 502 = &lt;Response [502]&gt;.status_code</failure></testcase><testcase classname="backend.tests.test_vbie_iter37" name="test_buyers_search_paginate" time="16.703" /><testcase classname="backend.tests.test_vbie_iter37" name="test_locked_buyer_has_intelligence_and_empty_provenance" time="0.337" /><testcase classname="backend.tests.test_vbie_iter37" name="test_evidence_endpoint_402_unauth" time="0.349" /><testcase classname="backend.tests.test_vbie_iter37" name="test_sources_includes_gleif_and_ch" time="0.854" /><testcase classname="backend.tests.test_vbie_iter37" name="test_gb_companies_house_buyer" time="0.387" /><testcase classname="backend.tests.test_vbie_iter37" name="test_lei_buyer_has_lei" time="0.346" /><testcase classname="backend.tests.test_vbie_iter37" name="test_admin_ingest_status" time="0.897" /></testsuite></testsuites>