<?xml version="1.0" encoding="utf-8"?><testsuites name="pytest tests"><testsuite name="pytest" errors="0" failures="0" skipped="0" tests="11" time="24.025" timestamp="2026-06-30T21:37:55.292828+00:00" hostname="agent-env-59b51331-5bc2-49e1-9f04-835a8be1100a"><testcase classname="backend.tests.test_command_center" name="test_quote_ok_and_fob_cif" time="5.654" /><testcase classname="backend.tests.test_command_center" name="test_waterfall_has_9_rows_with_milestones" time="0.000" /><testcase classname="backend.tests.test_command_center" name="test_destination_duty_vat_landed" time="0.000" /><testcase classname="backend.tests.test_command_center" name="test_comparison_sorted_ascending" time="0.000" /><testcase classname="backend.tests.test_command_center" name="test_currency_conversion_global_and_local" time="0.000" /><testcase classname="backend.tests.test_command_center" name="test_incentives_india_origin" time="0.000" /><testcase classname="backend.tests.test_command_center" name="test_routes_present" time="0.000" /><testcase classname="backend.tests.test_command_center" name="test_quote_missing_hs_and_product_returns_error" time="0.136" /><testcase classname="backend.tests.test_command_center" name="test_quote_resolves_via_product_name" time="6.924" /><testcase classname="backend.tests.test_command_center" name="test_markets_sorted_list" time="0.175" /><testcase classname="backend.tests.test_command_center" name="test_insights_live_grounded" time="11.039" /></testsuite></testsuites>