<?xml version="1.0" encoding="utf-8"?><testsuites name="pytest tests"><testsuite name="pytest" errors="0" failures="0" skipped="0" tests="23" time="63.685" timestamp="2026-09-06T22:06:58.253030+00:00" hostname="agent-env-f31bcbf9-e051-44cf-a4cd-4225e91f3de3"><testcase classname="backend.tests.test_iter54_phase_c.TestPermissions" name="test_main_admin_permissions" time="11.703" /><testcase classname="backend.tests.test_iter54_phase_c.TestPermissions" name="test_sub_admin_permissions" time="1.080" /><testcase classname="backend.tests.test_iter54_phase_c.TestTwoTierSignoff" name="test_signoff_queue_has_seeded_recommendation" time="0.814" /><testcase classname="backend.tests.test_iter54_phase_c.TestTwoTierSignoff" name="test_sub_admin_can_recommend_and_no_buyer_email" time="2.485" /><testcase classname="backend.tests.test_iter54_phase_c.TestTwoTierSignoff" name="test_sub_admin_cannot_call_signoff_endpoints" time="0.345" /><testcase classname="backend.tests.test_iter54_phase_c.TestTwoTierSignoff" name="test_sub_admin_cannot_signoff" time="1.178" /><testcase classname="backend.tests.test_iter54_phase_c.TestTwoTierSignoff" name="test_main_admin_return_recommendation" time="4.311" /><testcase classname="backend.tests.test_iter54_phase_c.TestMainAdminDirectReview" name="test_correction_requires_fields_or_note" time="1.008" /><testcase classname="backend.tests.test_iter54_phase_c.TestMainAdminDirectReview" name="test_correction_with_note_sets_stage" time="2.129" /><testcase classname="backend.tests.test_iter54_phase_c.TestMainAdminDirectReview" name="test_invalid_decision_400" time="0.337" /><testcase classname="backend.tests.test_iter54_phase_c.TestEditProfile" name="test_edit_profile_records_change" time="7.332" /><testcase classname="backend.tests.test_iter54_phase_c.TestEditProfile" name="test_edit_profile_no_change_returns_no_change" time="1.937" /><testcase classname="backend.tests.test_iter54_phase_c.TestEditProfile" name="test_sub_admin_can_edit_allocated" time="4.544" /><testcase classname="backend.tests.test_iter54_phase_c.TestEditProfile" name="test_sub_admin_cannot_edit_unallocated" time="1.414" /><testcase classname="backend.tests.test_iter54_phase_c.TestPayments" name="test_payments_view_main" time="1.697" /><testcase classname="backend.tests.test_iter54_phase_c.TestPayments" name="test_payments_view_sub" time="1.687" /><testcase classname="backend.tests.test_iter54_phase_c.TestPayments" name="test_sub_admin_cannot_grant" time="0.357" /><testcase classname="backend.tests.test_iter54_phase_c.TestPayments" name="test_main_admin_grant_and_revoke" time="5.961" /><testcase classname="backend.tests.test_iter54_phase_c.TestDocuments" name="test_document_upload_by_main" time="4.063" /><testcase classname="backend.tests.test_iter54_phase_c.TestHardDelete" name="test_sub_admin_cannot_delete" time="0.346" /><testcase classname="backend.tests.test_iter54_phase_c.TestHardDelete" name="test_main_admin_hard_delete_throwaway" time="7.180" /><testcase classname="backend.tests.test_iter54_phase_c.TestSubAdminScope" name="test_patnica_403_on_sakshi_user" time="0.835" /><testcase classname="backend.tests.test_iter54_phase_c.TestSubAdminScope" name="test_patnica_403_on_review" time="0.830" /></testsuite></testsuites>