<?xml version="1.0" encoding="utf-8"?><testsuites name="pytest tests"><testsuite name="pytest" errors="0" failures="0" skipped="0" tests="8" time="13.358" timestamp="2026-07-01T16:51:25.866430+00:00" hostname="agent-env-59b51331-5bc2-49e1-9f04-835a8be1100a"><testcase classname="backend.tests.test_monetize_account.TestPricing" name="test_pricing_in" time="1.499" /><testcase classname="backend.tests.test_monetize_account.TestPricing" name="test_pricing_intl" time="0.112" /><testcase classname="backend.tests.test_monetize_account.TestDownloadsFirstFree" name="test_first_free_then_paywalled" time="2.022" /><testcase classname="backend.tests.test_monetize_account.TestCheckout" name="test_download_checkout_intl" time="1.442" /><testcase classname="backend.tests.test_monetize_account.TestCheckout" name="test_subscription_checkout_intl" time="0.769" /><testcase classname="backend.tests.test_monetize_account.TestAccount" name="test_me_guest_and_flow" time="5.572" /><testcase classname="backend.tests.test_monetize_account.TestAccount" name="test_buyers_crud" time="1.753" /><testcase classname="backend.tests.test_monetize_account.TestAdminProtected" name="test_admin_users_requires_auth" time="0.105" /></testsuite></testsuites>