<?xml version="1.0" encoding="utf-8"?><testsuites name="pytest tests"><testsuite name="pytest" errors="0" failures="0" skipped="0" tests="5" time="5.055" timestamp="2026-07-01T14:40:19.995224+00:00" hostname="agent-env-59b51331-5bc2-49e1-9f04-835a8be1100a"><testcase classname="backend.tests.test_iteration_20_workspace.TestPorts" name="test_ports_us" time="0.185" /><testcase classname="backend.tests.test_iteration_20_workspace.TestPorts" name="test_ports_india" time="0.046" /><testcase classname="backend.tests.test_iteration_20_workspace.TestPorts" name="test_ports_generic_fallback" time="0.048" /><testcase classname="backend.tests.test_iteration_20_workspace.TestAutofill" name="test_autofill_wheat_ind_to_usa" time="2.358" /><testcase classname="backend.tests.test_iteration_20_workspace.TestProjectDestinationPort" name="test_create_and_patch_destination_port" time="2.348" /></testsuite></testsuites>