<?xml version="1.0" encoding="utf-8"?><testsuites name="pytest tests"><testsuite name="pytest" errors="0" failures="1" skipped="0" tests="11" time="44.775" timestamp="2026-08-02T23:05:08.831506+00:00" hostname="agent-env-ca814307-8285-40db-b5d0-28d2f83c99af"><testcase classname="backend.tests.test_vbie_iteration36" name="test_buyers_meta_total_10719" time="14.497" /><testcase classname="backend.tests.test_vbie_iteration36" name="test_buyers_search_filters_and_pagination" time="2.032" /><testcase classname="backend.tests.test_vbie_iteration36" name="test_buyer_detail_unauth_locked_teaser" time="1.241" /><testcase classname="backend.tests.test_vbie_iteration36" name="test_buyers_sources_registry" time="0.807" /><testcase classname="backend.tests.test_vbie_iteration36" name="test_admin_endpoints_401_without_token" time="0.395" /><testcase classname="backend.tests.test_vbie_iteration36" name="test_admin_qa_pass" time="4.097" /><testcase classname="backend.tests.test_vbie_iteration36" name="test_admin_production_audit" time="3.257" /><testcase classname="backend.tests.test_vbie_iteration36" name="test_admin_list_and_analytics" time="3.618" /><testcase classname="backend.tests.test_vbie_iteration36" name="test_admin_exports" time="6.766" /><testcase classname="backend.tests.test_vbie_iteration36" name="test_ingest_status" time="0.117"><failure message="AssertionError: {&quot;detail&quot;:&quot;Admin access required&quot;}&#10;assert 401 == 200&#10; +  where 401 = &lt;Response [401]&gt;.status_code">backend/tests/test_vbie_iteration36.py:105: in test_ingest_status
    assert r.status_code == 200, r.text
E   AssertionError: {"detail":"Admin access required"}
E   assert 401 == 200
E    +  where 401 = &lt;Response [401]&gt;.status_code</failure></testcase><testcase classname="backend.tests.test_vbie_iteration36" name="test_brain_ask_buyers_locked_teaser" time="7.833" /></testsuite></testsuites>