<?xml version="1.0" encoding="utf-8"?><testsuites name="pytest tests"><testsuite name="pytest" errors="0" failures="0" skipped="0" tests="11" time="36.289" timestamp="2026-08-04T22:50:46.848755+00:00" hostname="agent-env-105cb296-3c63-4c17-9380-5846853fcada"><testcase classname="backend.tests.test_vbie_iter39" name="test_engine_health" time="0.625" /><testcase classname="backend.tests.test_vbie_iter39" name="test_engine_history" time="0.365" /><testcase classname="backend.tests.test_vbie_iter39" name="test_engine_checkpoints" time="0.352" /><testcase classname="backend.tests.test_vbie_iter39" name="test_job_run_no_brreg" time="0.598" /><testcase classname="backend.tests.test_vbie_iter39" name="test_job_toggle_no_brreg_enable" time="0.352" /><testcase classname="backend.tests.test_vbie_iter39" name="test_bulk_phases_shape" time="0.373" /><testcase classname="backend.tests.test_vbie_iter39" name="test_bulk_run_phase_invalid_target" time="0.149" /><testcase classname="backend.tests.test_vbie_iter39" name="test_meta_includes_norway_czechia" time="1.496" /><testcase classname="backend.tests.test_vbie_iter39" name="test_search_norway" time="1.950" /><testcase classname="backend.tests.test_vbie_iter39" name="test_search_czechia" time="1.739" /><testcase classname="backend.tests.test_vbie_iter39" name="test_production_audit" time="28.228" /></testsuite></testsuites>