<?xml version="1.0" encoding="utf-8"?><testsuites name="pytest tests"><testsuite name="pytest" errors="0" failures="0" skipped="0" tests="18" time="19.462" timestamp="2026-06-30T22:35:08.259605+00:00" hostname="agent-env-59b51331-5bc2-49e1-9f04-835a8be1100a"><testcase classname="backend.tests.test_iteration_19_command_center" name="test_project_create_returns_health_summary_stage_timeline" time="0.742" /><testcase classname="backend.tests.test_iteration_19_command_center" name="test_project_list_owner_scoped" time="0.310" /><testcase classname="backend.tests.test_iteration_19_command_center" name="test_project_ownership_isolation" time="0.605" /><testcase classname="backend.tests.test_iteration_19_command_center" name="test_project_update_appends_timeline" time="0.791" /><testcase classname="backend.tests.test_iteration_19_command_center" name="test_project_pin_toggle" time="1.092" /><testcase classname="backend.tests.test_iteration_19_command_center" name="test_project_duplicate" time="0.834" /><testcase classname="backend.tests.test_iteration_19_command_center" name="test_project_version" time="1.047" /><testcase classname="backend.tests.test_iteration_19_command_center" name="test_project_delete_and_404" time="0.906" /><testcase classname="backend.tests.test_iteration_19_command_center" name="test_quote_ok_and_fob_cif_math" time="2.714" /><testcase classname="backend.tests.test_iteration_19_command_center" name="test_quote_waterfall_has_9_rows" time="0.000" /><testcase classname="backend.tests.test_iteration_19_command_center" name="test_quote_destination_block" time="0.000" /><testcase classname="backend.tests.test_iteration_19_command_center" name="test_quote_comparison_sorted_ascending" time="0.000" /><testcase classname="backend.tests.test_iteration_19_command_center" name="test_quote_currency_converted" time="0.000" /><testcase classname="backend.tests.test_iteration_19_command_center" name="test_quote_incentives_for_india_origin" time="0.000" /><testcase classname="backend.tests.test_iteration_19_command_center" name="test_quote_routes_present" time="0.000" /><testcase classname="backend.tests.test_iteration_19_command_center" name="test_explain_cif" time="4.121" /><testcase classname="backend.tests.test_iteration_19_command_center" name="test_compliance_documents_and_duty" time="5.857" /><testcase classname="backend.tests.test_iteration_19_command_center" name="test_markets_sorted" time="0.341" /></testsuite></testsuites>