<?xml version="1.0" encoding="utf-8"?><testsuites name="pytest tests"><testsuite name="pytest" errors="0" failures="0" skipped="0" tests="14" time="1.233" timestamp="2026-06-28T19:49:26.333652+00:00" hostname="agent-env-00905333-b708-4320-b34a-5289efe67fa2"><testcase classname="backend.tests.test_customs.TestProfile" name="test_export_to_uae_fta" time="0.178" /><testcase classname="backend.tests.test_customs.TestProfile" name="test_import_from_uae_shows_fta_preferential" time="0.043" /><testcase classname="backend.tests.test_customs.TestProfile" name="test_import_non_fta_country" time="0.042" /><testcase classname="backend.tests.test_customs.TestFx" name="test_usd_to_inr" time="0.175" /><testcase classname="backend.tests.test_customs.TestFx" name="test_eur_to_inr" time="0.116" /><testcase classname="backend.tests.test_customs" name="test_cbm" time="0.043" /><testcase classname="backend.tests.test_customs" name="test_cha_charges" time="0.042" /><testcase classname="backend.tests.test_customs" name="test_price" time="0.043" /><testcase classname="backend.tests.test_customs" name="test_freight_routes_known" time="0.042" /><testcase classname="backend.tests.test_customs" name="test_freight_routes_default" time="0.081" /><testcase classname="backend.tests.test_customs" name="test_benefits_export" time="0.048" /><testcase classname="backend.tests.test_customs" name="test_benefits_import" time="0.043" /><testcase classname="backend.tests.test_customs" name="test_cha_directory_all" time="0.127" /><testcase classname="backend.tests.test_customs" name="test_cha_directory_filter" time="0.045" /></testsuite></testsuites>