<?xml version="1.0" encoding="utf-8"?><testsuites name="pytest tests"><testsuite name="pytest" errors="0" failures="0" skipped="0" tests="13" time="16.567" timestamp="2026-08-06T22:54:37.853475+00:00" hostname="agent-env-105cb296-3c63-4c17-9380-5846853fcada"><testcase classname="tests.test_razorpay_live_iter40" name="test_pricing_IN_returns_razorpay" time="7.179" /><testcase classname="tests.test_razorpay_live_iter40" name="test_pricing_INTL_returns_stripe" time="1.019" /><testcase classname="tests.test_razorpay_live_iter40" name="test_razorpay_order_shape" time="1.432" /><testcase classname="tests.test_razorpay_live_iter40" name="test_razorpay_tx_persisted" time="1.435" /><testcase classname="tests.test_razorpay_live_iter40" name="test_razorpay_order_download_paise" time="0.819" /><testcase classname="tests.test_razorpay_live_iter40" name="test_razorpay_order_annual_paise" time="0.816" /><testcase classname="tests.test_razorpay_live_iter40" name="test_verify_rejects_bad_signature" time="0.292" /><testcase classname="tests.test_razorpay_live_iter40" name="test_verify_unknown_order_404" time="0.288" /><testcase classname="tests.test_razorpay_live_iter40" name="test_webhook_rejects_bad_signature" time="0.155" /><testcase classname="tests.test_razorpay_live_iter40" name="test_stripe_intl_checkout_still_works" time="1.114" /><testcase classname="tests.test_razorpay_live_iter40" name="test_services_list_contains_gst_and_iec" time="0.290" /><testcase classname="tests.test_razorpay_live_iter40" name="test_services_module_has_no_razorpay_calls" time="0.000" /><testcase classname="tests.test_razorpay_live_iter40" name="test_service_request_creates_lead_no_payment" time="1.541" /></testsuite></testsuites>