<?xml version="1.0" encoding="utf-8"?><testsuites name="pytest tests"><testsuite name="pytest" errors="0" failures="1" skipped="0" tests="28" time="302.057" timestamp="2026-09-13T20:31:14.120290+00:00" hostname="agent-env-9ef41f57-42dd-4e8b-bbb9-394a3e45d44d"><testcase classname="backend.tests.test_iter63_news_expo_brain.TestNewsAPI" name="test_topics" time="16.720" /><testcase classname="backend.tests.test_iter63_news_expo_brain.TestNewsAPI" name="test_countries" time="0.169" /><testcase classname="backend.tests.test_iter63_news_expo_brain.TestNewsAPI" name="test_status" time="0.362" /><testcase classname="backend.tests.test_iter63_news_expo_brain.TestNewsAPI" name="test_global_feed_returns_items" time="20.702" /><testcase classname="backend.tests.test_iter63_news_expo_brain.TestNewsAPI" name="test_country_scoping_bug_am_vs_global" time="35.766" /><testcase classname="backend.tests.test_iter63_news_expo_brain.TestNewsAPI" name="test_country_scoping_other_countries[in]" time="35.629" /><testcase classname="backend.tests.test_iter63_news_expo_brain.TestNewsAPI" name="test_country_scoping_other_countries[br]" time="34.702" /><testcase classname="backend.tests.test_iter63_news_expo_brain.TestNewsAPI" name="test_search_filter" time="16.778" /><testcase classname="backend.tests.test_iter63_news_expo_brain.TestNewsAPI" name="test_feed_each_topic[top]" time="0.688" /><testcase classname="backend.tests.test_iter63_news_expo_brain.TestNewsAPI" name="test_feed_each_topic[trade]" time="0.381" /><testcase classname="backend.tests.test_iter63_news_expo_brain.TestNewsAPI" name="test_feed_each_topic[business]" time="0.442" /><testcase classname="backend.tests.test_iter63_news_expo_brain.TestNewsAPI" name="test_feed_each_topic[currency]" time="0.351" /><testcase classname="backend.tests.test_iter63_news_expo_brain.TestNewsAPI" name="test_feed_each_topic[geopolitics]" time="0.388" /><testcase classname="backend.tests.test_iter63_news_expo_brain.TestNewsAPI" name="test_feed_each_topic[conflict]" time="0.351" /><testcase classname="backend.tests.test_iter63_news_expo_brain.TestNewsAPI" name="test_feed_each_topic[energy]" time="16.976" /><testcase classname="backend.tests.test_iter63_news_expo_brain.TestNewsAPI" name="test_feed_each_topic[shipping]" time="19.015" /><testcase classname="backend.tests.test_iter63_news_expo_brain.TestNewsAPI" name="test_feed_each_topic[policy]" time="18.324" /><testcase classname="backend.tests.test_iter63_news_expo_brain.TestNewsAPI" name="test_feed_each_topic[technology]" time="18.794" /><testcase classname="backend.tests.test_iter63_news_expo_brain.TestNewsAPI" name="test_feed_each_topic[events]" time="18.625" /><testcase classname="backend.tests.test_iter63_news_expo_brain.TestNewsAPI" name="test_feed_each_topic[sports]" time="21.085" /><testcase classname="backend.tests.test_iter63_news_expo_brain.TestBrainProductMode" name="test_product_mode_ask" time="16.300" /><testcase classname="backend.tests.test_iter63_news_expo_brain.TestBrainProductMode" name="test_normal_mode_regression" time="5.631" /><testcase classname="backend.tests.test_iter63_news_expo_brain.TestExpo" name="test_engine_status" time="0.637" /><testcase classname="backend.tests.test_iter63_news_expo_brain.TestExpo" name="test_list_only_upcoming" time="1.066" /><testcase classname="backend.tests.test_iter63_news_expo_brain.TestExpo" name="test_list_when_all_includes_past" time="1.261" /><testcase classname="backend.tests.test_iter63_news_expo_brain.TestExpo" name="test_filters" time="0.375" /><testcase classname="backend.tests.test_iter63_news_expo_brain.TestEventApprovalFlow" name="test_submit_and_admin_notification" time="0.270"><failure message="AssertionError: {&quot;detail&quot;:[{&quot;type&quot;:&quot;missing&quot;,&quot;loc&quot;:[&quot;body&quot;,&quot;contactEmail&quot;],&quot;msg&quot;:&quot;Field required&quot;,&quot;input&quot;:{&quot;name&quot;:&quot;QA TEST Iter63 Global Trade Expo&quot;,&quot;startDate&quot;:&quot;2026-06-15&quot;,&quot;endDate&quot;:&quot;2026-06-17&quot;,&quot;city&quot;:&quot;Dubai&quot;,&quot;country&quot;:&quot;AE&quot;,&quot;organizer&quot;:&quot;QA Testing&quot;,&quot;website&quot;:&quot;https://qa-example.com&quot;,&quot;industry&quot;:&quot;Trade&quot;,&quot;submitterEmail&quot;:&quot;qa@vametra.com&quot;},&quot;url&quot;:&quot;https://errors.pydantic.dev/2.13/v/missing&quot;}]}&#10;assert 422 in (200, 201)&#10; +  where 422 = &lt;Response [422]&gt;.status_code">backend/tests/test_iter63_news_expo_brain.py:254: in test_submit_and_admin_notification
    assert r.status_code in (200, 201), r.text[:500]
E   AssertionError: {"detail":[{"type":"missing","loc":["body","contactEmail"],"msg":"Field required","input":{"name":"QA TEST Iter63 Global Trade Expo","startDate":"2026-06-15","endDate":"2026-06-17","city":"Dubai","country":"AE","organizer":"QA Testing","website":"https://qa-example.com","industry":"Trade","submitterEmail":"qa@vametra.com"},"url":"https://errors.pydantic.dev/2.13/v/missing"}]}
E   assert 422 in (200, 201)
E    +  where 422 = &lt;Response [422]&gt;.status_code</failure></testcase><testcase classname="backend.tests.test_iter63_news_expo_brain.TestProductInfoRemoval" name="test_no_product_info_backend" time="0.116" /></testsuite></testsuites>