<?xml version="1.0" encoding="utf-8"?><testsuites name="pytest tests"><testsuite name="pytest" errors="0" failures="0" skipped="0" tests="9" time="59.551" timestamp="2026-09-12T20:08:10.801575+00:00" hostname="agent-env-f31bcbf9-e051-44cf-a4cd-4225e91f3de3"><testcase classname="backend.tests.test_iter57_admin_approvals_unified" name="test_main_admin_can_read_approval_inbox" time="16.659" /><testcase classname="backend.tests.test_iter57_admin_approvals_unified" name="test_subadmin_can_read_only_scoped_approval_requests" time="1.529" /><testcase classname="backend.tests.test_iter57_admin_approvals_unified" name="test_subadmin_cannot_decide_approvals" time="0.310" /><testcase classname="backend.tests.test_iter57_admin_approvals_unified" name="test_negative_subscription_days_rejected_by_validation" time="0.348" /><testcase classname="backend.tests.test_iter57_admin_approvals_unified" name="test_invalid_subscription_plan_rejected_by_validation" time="0.309" /><testcase classname="backend.tests.test_iter57_admin_approvals_unified" name="test_buyers_meta_and_search_available" time="2.150" /><testcase classname="backend.tests.test_iter57_admin_approvals_unified" name="test_public_buyer_detail_does_not_leak_contact_without_entitlement" time="0.889" /><testcase classname="backend.tests.test_iter57_admin_approvals_unified" name="test_cms_and_public_use_overlapping_geids" time="24.809" /><testcase classname="backend.tests.test_iter57_admin_approvals_unified" name="test_cms_buyer_directory_has_required_contact_fields" time="12.471" /></testsuite></testsuites>