<?xml version="1.0" encoding="utf-8"?><testsuites name="pytest tests"><testsuite name="pytest" errors="0" failures="2" skipped="0" tests="13" time="41.746" timestamp="2026-08-02T22:44:54.798220+00:00" hostname="agent-env-ca814307-8285-40db-b5d0-28d2f83c99af"><testcase classname="backend.tests.test_vbie_iteration34.TestProductionAudit" name="test_audit_requires_token" time="18.560" /><testcase classname="backend.tests.test_vbie_iteration34.TestProductionAudit" name="test_audit_runs_and_writes_report" time="5.137" /><testcase classname="backend.tests.test_vbie_iteration34.TestQuarantineExcluded" name="test_meta_equals_active" time="1.177" /><testcase classname="backend.tests.test_vbie_iteration34.TestQuarantineExcluded" name="test_search_has_no_placeholders" time="0.583" /><testcase classname="backend.tests.test_vbie_iteration34.TestQAAudit" name="test_qa_pass" time="2.833" /><testcase classname="backend.tests.test_vbie_iteration34.TestLastVerified" name="test_buyer_detail_fields" time="0.920"><failure message="AssertionError: missing last_verified in ['geid', 'legal_name', 'display_name', 'country', 'country_name', 'city', 'sector', 'products', 'hs_families', 'corridors', 'size', 'role', 'trust', 'evidence_count', 'sample', 'locked', 'lock_reason', 'website', 'provenance', 'signals', 'status', 'primary_source', 'source_warning'] / ['geid', 'legal_name', 'display_name', 'country', 'country_name', 'city', 'sector', 'products', 'hs_families', 'corridors', 'size', 'role', 'trust', 'evidence_count', 'sample', 'locked', 'lock_reason', 'website', 'provenance', 'signals', 'status', 'primary_source', 'source_warning']&#10;assert ('last_verified' in {'geid': 'LN-buyer-JTX4PXKNH69XHYAS7Y3FFPNTY2', 'legal_name': 'CCAS de Beaune', 'display_name': 'CCAS de Beaune', 'country': 'FR', ...} or 'last_verified' in {'geid': 'LN-buyer-JTX4PXKNH69XHYAS7Y3FFPNTY2', 'legal_name': 'CCAS de Beaune', 'display_name': 'CCAS de Beaune', 'country': 'FR', ...})">backend/tests/test_vbie_iteration34.py:86: in test_buyer_detail_fields
    assert key in blob or key in j, f"missing {key} in {list(blob.keys())} / {list(j.keys())}"
E   AssertionError: missing last_verified in ['geid', 'legal_name', 'display_name', 'country', 'country_name', 'city', 'sector', 'products', 'hs_families', 'corridors', 'size', 'role', 'trust', 'evidence_count', 'sample', 'locked', 'lock_reason', 'website', 'provenance', 'signals', 'status', 'primary_source', 'source_warning'] / ['geid', 'legal_name', 'display_name', 'country', 'country_name', 'city', 'sector', 'products', 'hs_families', 'corridors', 'size', 'role', 'trust', 'evidence_count', 'sample', 'locked', 'lock_reason', 'website', 'provenance', 'signals', 'status', 'primary_source', 'source_warning']
E   assert ('last_verified' in {'geid': 'LN-buyer-JTX4PXKNH69XHYAS7Y3FFPNTY2', 'legal_name': 'CCAS de Beaune', 'display_name': 'CCAS de Beaune', 'country': 'FR', ...} or 'last_verified' in {'geid': 'LN-buyer-JTX4PXKNH69XHYAS7Y3FFPNTY2', 'legal_name': 'CCAS de Beaune', 'display_name': 'CCAS de Beaune', 'country': 'FR', ...})</failure></testcase><testcase classname="backend.tests.test_vbie_iteration34.TestAnalytics" name="test_analytics_requires_token" time="0.094" /><testcase classname="backend.tests.test_vbie_iteration34.TestAnalytics" name="test_analytics_json" time="3.015" /><testcase classname="backend.tests.test_vbie_iteration34.TestAnalytics" name="test_analytics_xlsx" time="3.194" /><testcase classname="backend.tests.test_vbie_iteration34.TestExports" name="test_export_xlsx" time="2.215" /><testcase classname="backend.tests.test_vbie_iteration34.TestExports" name="test_export_pdf" time="1.395" /><testcase classname="backend.tests.test_vbie_iteration34.TestAdminEditDelete" name="test_patch_sets_admin_edited" time="1.249"><failure message="assert None is True&#10; +  where None = &lt;built-in method get of dict object at 0xfd1de332ea40&gt;('admin_edited')&#10; +    where &lt;built-in method get of dict object at 0xfd1de332ea40&gt; = {'geid': 'LN-buyer-2V6WTPFKRJWZZ530VHTKS1WZPP', 'legal_name': 'ДЕТСКА ГРАДИНА &quot;ЗОРНИЦА&quot;', 'display_name': 'ДЕТСКА ГРАДИНА &quot;ЗОРНИЦА&quot;', 'country': 'BG', ...}.get">backend/tests/test_vbie_iteration34.py:142: in test_patch_sets_admin_edited
    assert blob.get("admin_edited") is True
E   assert None is True
E    +  where None = &lt;built-in method get of dict object at 0xfd1de332ea40&gt;('admin_edited')
E    +    where &lt;built-in method get of dict object at 0xfd1de332ea40&gt; = {'geid': 'LN-buyer-2V6WTPFKRJWZZ530VHTKS1WZPP', 'legal_name': 'ДЕТСКА ГРАДИНА "ЗОРНИЦА"', 'display_name': 'ДЕТСКА ГРАДИНА "ЗОРНИЦА"', 'country': 'BG', ...}.get</failure></testcase><testcase classname="backend.tests.test_vbie_iteration34.TestAdminEditDelete" name="test_delete_soft_deletes" time="1.265" /></testsuite></testsuites>