<?xml version="1.0" encoding="utf-8"?><testsuites name="pytest tests"><testsuite name="pytest" errors="0" failures="0" skipped="0" tests="9" time="13.941" timestamp="2026-06-29T21:11:00.292514+00:00" hostname="agent-env-00905333-b708-4320-b34a-5289efe67fa2"><testcase classname="backend.tests.test_auth_firebase" name="test_resolve_admin_returns_email" time="3.078" /><testcase classname="backend.tests.test_auth_firebase" name="test_resolve_bogus_returns_404" time="0.375" /><testcase classname="backend.tests.test_auth_firebase" name="test_me_requires_token" time="0.157" /><testcase classname="backend.tests.test_auth_firebase" name="test_me_admin" time="1.049" /><testcase classname="backend.tests.test_auth_firebase" name="test_admin_users_list" time="0.806" /><testcase classname="backend.tests.test_auth_firebase" name="test_admin_users_requires_admin" time="0.167" /><testcase classname="backend.tests.test_auth_firebase" name="test_register_allocates_and_is_idempotent" time="2.809" /><testcase classname="backend.tests.test_auth_firebase" name="test_hard_delete_protects_00001" time="0.364" /><testcase classname="backend.tests.test_auth_firebase" name="test_hard_delete_throwaway_and_verify_purge" time="5.063" /></testsuite></testsuites>