<?xml version="1.0" encoding="utf-8"?><testsuites name="pytest tests"><testsuite name="pytest" errors="0" failures="0" skipped="0" tests="11" time="34.006" timestamp="2026-06-29T13:08:49.050812+00:00" hostname="agent-env-00905333-b708-4320-b34a-5289efe67fa2"><testcase classname="backend.tests.test_iteration_15_brain_compile" name="test_brain_three_questions_returned" time="0.342" /><testcase classname="backend.tests.test_iteration_15_brain_compile" name="test_brain_answers_are_distinct" time="0.001" /><testcase classname="backend.tests.test_iteration_15_brain_compile" name="test_brain_answers_are_tailored_to_question" time="0.000" /><testcase classname="backend.tests.test_iteration_15_brain_compile" name="test_brain_not_india_centric_boilerplate" time="0.000" /><testcase classname="backend.tests.test_iteration_15_brain_compile" name="test_brain_engine_selection_varies" time="0.000" /><testcase classname="backend.tests.test_iteration_15_brain_compile" name="test_compile_report_coffee_india_to_germany_eur" time="0.043" /><testcase classname="backend.tests.test_iteration_15_brain_compile" name="test_compile_report_rice_india_to_uae" time="26.454" /><testcase classname="backend.tests.test_iteration_15_brain_compile" name="test_compile_report_invalid" time="0.043" /><testcase classname="backend.tests.test_iteration_15_brain_compile" name="test_cbic_fx" time="0.045" /><testcase classname="backend.tests.test_iteration_15_brain_compile" name="test_trade_intel_smoke" time="0.043" /><testcase classname="backend.tests.test_iteration_15_brain_compile" name="test_duty_lookup_smoke" time="6.870" /></testsuite></testsuites>