<?xml version="1.0" encoding="utf-8"?><testsuites name="pytest tests"><testsuite name="pytest" errors="0" failures="0" skipped="0" tests="14" time="23.529" timestamp="2026-08-02T21:08:46.740882+00:00" hostname="agent-env-ca814307-8285-40db-b5d0-28d2f83c99af"><testcase classname="backend.tests.test_vbie_live_buyers" name="test_meta_real_data" time="13.493" /><testcase classname="backend.tests.test_vbie_live_buyers" name="test_search_default_sorted_by_trust" time="1.038" /><testcase classname="backend.tests.test_vbie_live_buyers" name="test_search_country" time="1.566" /><testcase classname="backend.tests.test_vbie_live_buyers" name="test_search_sector" time="1.582" /><testcase classname="backend.tests.test_vbie_live_buyers" name="test_search_trust_min" time="0.559" /><testcase classname="backend.tests.test_vbie_live_buyers" name="test_search_hs_and_q" time="1.086" /><testcase classname="backend.tests.test_vbie_live_buyers" name="test_no_fake_demo_buyers" time="0.559" /><testcase classname="backend.tests.test_vbie_live_buyers" name="test_sources_registry" time="0.774" /><testcase classname="backend.tests.test_vbie_live_buyers" name="test_paywall_detail_locked" time="0.830" /><testcase classname="backend.tests.test_vbie_live_buyers" name="test_paywall_evidence_402" time="0.290" /><testcase classname="backend.tests.test_vbie_live_buyers" name="test_admin_ingest_status_requires_token" time="0.045" /><testcase classname="backend.tests.test_vbie_live_buyers" name="test_admin_ingest_status_ok" time="0.781" /><testcase classname="backend.tests.test_vbie_live_buyers" name="test_admin_ingest_run_ok" time="0.047" /><testcase classname="backend.tests.test_vbie_live_buyers" name="test_sanctions_screened_out" time="0.782" /></testsuite></testsuites>