<?xml version="1.0" encoding="utf-8"?><testsuites name="pytest tests"><testsuite name="pytest" errors="0" failures="0" skipped="6" tests="6" time="6.298" timestamp="2026-09-12T20:56:02.486870+00:00" hostname="agent-env-f31bcbf9-e051-44cf-a4cd-4225e91f3de3"><testcase classname="backend.tests.test_iter60_fresh_fixture_final" name="test_00_mixed_header_precedence_main_wins" time="6.052"><skipped type="pytest.skip" message="Sub-admin login failed: 502 &lt;!DOCTYPE html&gt;&#10;&lt;!--[if lt IE 7]&gt; &lt;html class=&quot;no-js ie6 oldie&quot; lang=&quot;en-US&quot;&gt; &lt;![endif]--&gt;&#10;&lt;!--[if IE 7]&gt;    &lt;html class=&quot;no-js ie7 oldie&quot; lang=&quot;en-US&quot;&gt; &lt;![endi">/app/backend/tests/test_iter60_fresh_fixture_final.py:161: Sub-admin login failed: 502 &lt;!DOCTYPE html&gt;
&lt;!--[if lt IE 7]&gt; &lt;html class="no-js ie6 oldie" lang="en-US"&gt; &lt;![endif]--&gt;
&lt;!--[if IE 7]&gt;    &lt;html class="no-js ie7 oldie" lang="en-US"&gt; &lt;![endi</skipped></testcase><testcase classname="backend.tests.test_iter60_fresh_fixture_final" name="test_01_create_new_disposable_fixture_and_allocate" time="0.031"><skipped type="pytest.skip" message="Sub-admin login failed: 502 &lt;!DOCTYPE html&gt;&#10;&lt;!--[if lt IE 7]&gt; &lt;html class=&quot;no-js ie6 oldie&quot; lang=&quot;en-US&quot;&gt; &lt;![endif]--&gt;&#10;&lt;!--[if IE 7]&gt;    &lt;html class=&quot;no-js ie7 oldie&quot; lang=&quot;en-US&quot;&gt; &lt;![endi">/app/backend/tests/test_iter60_fresh_fixture_final.py:180: Sub-admin login failed: 502 &lt;!DOCTYPE html&gt;
&lt;!--[if lt IE 7]&gt; &lt;html class="no-js ie6 oldie" lang="en-US"&gt; &lt;![endif]--&gt;
&lt;!--[if IE 7]&gt;    &lt;html class="no-js ie7 oldie" lang="en-US"&gt; &lt;![endi</skipped></testcase><testcase classname="backend.tests.test_iter60_fresh_fixture_final" name="test_02_subscription_grant_then_contact_unlock" time="0.000"><skipped type="pytest.skip" message="Sub-admin login failed: 502 &lt;!DOCTYPE html&gt;&#10;&lt;!--[if lt IE 7]&gt; &lt;html class=&quot;no-js ie6 oldie&quot; lang=&quot;en-US&quot;&gt; &lt;![endif]--&gt;&#10;&lt;!--[if IE 7]&gt;    &lt;html class=&quot;no-js ie7 oldie&quot; lang=&quot;en-US&quot;&gt; &lt;![endi">/app/backend/tests/test_iter60_fresh_fixture_final.py:305: Sub-admin login failed: 502 &lt;!DOCTYPE html&gt;
&lt;!--[if lt IE 7]&gt; &lt;html class="no-js ie6 oldie" lang="en-US"&gt; &lt;![endif]--&gt;
&lt;!--[if IE 7]&gt;    &lt;html class="no-js ie7 oldie" lang="en-US"&gt; &lt;![endi</skipped></testcase><testcase classname="backend.tests.test_iter60_fresh_fixture_final" name="test_03_review_approve_and_shared_identity_consistency" time="0.000"><skipped type="pytest.skip" message="Sub-admin login failed: 502 &lt;!DOCTYPE html&gt;&#10;&lt;!--[if lt IE 7]&gt; &lt;html class=&quot;no-js ie6 oldie&quot; lang=&quot;en-US&quot;&gt; &lt;![endif]--&gt;&#10;&lt;!--[if IE 7]&gt;    &lt;html class=&quot;no-js ie7 oldie&quot; lang=&quot;en-US&quot;&gt; &lt;![endi">/app/backend/tests/test_iter60_fresh_fixture_final.py:360: Sub-admin login failed: 502 &lt;!DOCTYPE html&gt;
&lt;!--[if lt IE 7]&gt; &lt;html class="no-js ie6 oldie" lang="en-US"&gt; &lt;![endif]--&gt;
&lt;!--[if IE 7]&gt;    &lt;html class="no-js ie7 oldie" lang="en-US"&gt; &lt;![endi</skipped></testcase><testcase classname="backend.tests.test_iter60_fresh_fixture_final" name="test_04_bulk_requests_apply_only_after_signoff_and_no_double_grant" time="0.000"><skipped type="pytest.skip" message="Sub-admin login failed: 502 &lt;!DOCTYPE html&gt;&#10;&lt;!--[if lt IE 7]&gt; &lt;html class=&quot;no-js ie6 oldie&quot; lang=&quot;en-US&quot;&gt; &lt;![endif]--&gt;&#10;&lt;!--[if IE 7]&gt;    &lt;html class=&quot;no-js ie7 oldie&quot; lang=&quot;en-US&quot;&gt; &lt;![endi">/app/backend/tests/test_iter60_fresh_fixture_final.py:430: Sub-admin login failed: 502 &lt;!DOCTYPE html&gt;
&lt;!--[if lt IE 7]&gt; &lt;html class="no-js ie6 oldie" lang="en-US"&gt; &lt;![endif]--&gt;
&lt;!--[if IE 7]&gt;    &lt;html class="no-js ie7 oldie" lang="en-US"&gt; &lt;![endi</skipped></testcase><testcase classname="backend.tests.test_iter60_fresh_fixture_final" name="test_05_reject_recommendation_then_main_approve_marks_rejected" time="0.000"><skipped type="pytest.skip" message="Sub-admin login failed: 502 &lt;!DOCTYPE html&gt;&#10;&lt;!--[if lt IE 7]&gt; &lt;html class=&quot;no-js ie6 oldie&quot; lang=&quot;en-US&quot;&gt; &lt;![endif]--&gt;&#10;&lt;!--[if IE 7]&gt;    &lt;html class=&quot;no-js ie7 oldie&quot; lang=&quot;en-US&quot;&gt; &lt;![endi">/app/backend/tests/test_iter60_fresh_fixture_final.py:534: Sub-admin login failed: 502 &lt;!DOCTYPE html&gt;
&lt;!--[if lt IE 7]&gt; &lt;html class="no-js ie6 oldie" lang="en-US"&gt; &lt;![endif]--&gt;
&lt;!--[if IE 7]&gt;    &lt;html class="no-js ie7 oldie" lang="en-US"&gt; &lt;![endi</skipped></testcase></testsuite></testsuites>