<?xml version="1.0" encoding="utf-8"?><testsuites name="pytest tests"><testsuite name="pytest" errors="0" failures="0" skipped="0" tests="17" time="26.662" timestamp="2026-07-06T16:30:50.327743+00:00" hostname="agent-env-59b51331-5bc2-49e1-9f04-835a8be1100a"><testcase classname="test_iteration_25_expo_news.TestEventsPublic" name="test_filters" time="5.376" /><testcase classname="test_iteration_25_expo_news.TestEventsPublic" name="test_list_only_published" time="0.293" /><testcase classname="test_iteration_25_expo_news.TestEventsPublic" name="test_pricing_india_inr" time="0.289" /><testcase classname="test_iteration_25_expo_news.TestEventsPublic" name="test_pricing_intl_usd" time="0.288" /><testcase classname="test_iteration_25_expo_news.TestEventSubmit" name="test_submit_contact_email_required" time="0.055" /><testcase classname="test_iteration_25_expo_news.TestEventSubmit" name="test_submit_created" time="0.531" /><testcase classname="test_iteration_25_expo_news.TestEventSubmit" name="test_stripe_checkout_intl" time="1.325" /><testcase classname="test_iteration_25_expo_news.TestEventSubmit" name="test_razorpay_503_graceful" time="0.045" /><testcase classname="test_iteration_25_expo_news.TestEventsAdmin" name="test_admin_all" time="0.379" /><testcase classname="test_iteration_25_expo_news.TestEventsAdmin" name="test_admin_all_requires_auth" time="0.111" /><testcase classname="test_iteration_25_expo_news.TestEventsAdmin" name="test_admin_pricing_get_and_update" time="1.899" /><testcase classname="test_iteration_25_expo_news.TestEventsAdmin" name="test_admin_full_lifecycle" time="4.115" /><testcase classname="test_iteration_25_expo_news.TestNews" name="test_feed_guest" time="1.747" /><testcase classname="test_iteration_25_expo_news.TestNews" name="test_news_detail_impact" time="5.766" /><testcase classname="test_iteration_25_expo_news.TestNews" name="test_admin_news_crud_and_featured_first" time="3.072" /><testcase classname="test_iteration_25_expo_news.TestNews" name="test_admin_news_requires_auth" time="0.104" /><testcase classname="test_iteration_25_expo_news.TestStorage" name="test_upload_and_serve" time="1.173" /></testsuite></testsuites>