<?xml version="1.0" encoding="utf-8"?><testsuites name="pytest tests"><testsuite name="pytest" errors="0" failures="0" skipped="0" tests="11" time="15.082" timestamp="2026-07-01T17:34:29.874750+00:00" hostname="agent-env-59b51331-5bc2-49e1-9f04-835a8be1100a"><testcase classname="backend.tests.test_pricing_engine" name="test_config_IN_shape" time="1.920" /><testcase classname="backend.tests.test_pricing_engine" name="test_config_INTL_shape" time="0.582" /><testcase classname="backend.tests.test_pricing_engine" name="test_admin_get_requires_token" time="0.115" /><testcase classname="backend.tests.test_pricing_engine" name="test_admin_get_with_token" time="0.342" /><testcase classname="backend.tests.test_pricing_engine" name="test_admin_update_persists_and_validation" time="4.755" /><testcase classname="backend.tests.test_pricing_engine" name="test_track_paywall_view" time="0.335" /><testcase classname="backend.tests.test_pricing_engine" name="test_lead_capture_valid_and_invalid" time="0.685" /><testcase classname="backend.tests.test_pricing_engine" name="test_admin_analytics" time="0.836" /><testcase classname="backend.tests.test_pricing_engine" name="test_payments_pricing_reads_engine" time="2.177" /><testcase classname="backend.tests.test_pricing_engine" name="test_downloads_check_free_first_intl" time="1.052" /><testcase classname="backend.tests.test_pricing_engine" name="test_checkout_annual_monthly_and_invalid" time="2.194" /></testsuite></testsuites>