<?xml version="1.0" encoding="utf-8"?><testsuites name="pytest tests"><testsuite name="pytest" errors="0" failures="0" skipped="0" tests="19" time="39.808" timestamp="2026-07-02T18:16:04.341945+00:00" hostname="agent-env-59b51331-5bc2-49e1-9f04-835a8be1100a"><testcase classname="backend.tests.test_phase2a_simulation.TestAdapters" name="test_list_adapters" time="1.366" /><testcase classname="backend.tests.test_phase2a_simulation.TestAdapters" name="test_adapter_run_duty_and_fx" time="0.609" /><testcase classname="backend.tests.test_phase2a_simulation.TestAdapters" name="test_adapter_freight_is_ai_estimated" time="0.125" /><testcase classname="backend.tests.test_phase2a_simulation.TestDigitalTwin" name="test_twin_returns_full_shape" time="3.738" /><testcase classname="backend.tests.test_phase2a_simulation.TestDigitalTwin" name="test_twin_no_save_side_effect" time="3.679" /><testcase classname="backend.tests.test_phase2a_simulation.TestScenarioBuilder" name="test_create_first_scenario_auto_A" time="3.736" /><testcase classname="backend.tests.test_phase2a_simulation.TestScenarioBuilder" name="test_create_second_scenario_custom_inputs" time="2.580" /><testcase classname="backend.tests.test_phase2a_simulation.TestScenarioBuilder" name="test_list_scenarios" time="0.596" /><testcase classname="backend.tests.test_phase2a_simulation.TestScenarioBuilder" name="test_update_recomputes_and_bumps_version" time="2.890" /><testcase classname="backend.tests.test_phase2a_simulation.TestScenarioBuilder" name="test_duplicate" time="0.876" /><testcase classname="backend.tests.test_phase2a_simulation.TestScenarioBuilder" name="test_merge" time="2.289" /><testcase classname="backend.tests.test_phase2a_simulation.TestScenarioBuilder" name="test_merge_requires_two" time="0.347" /><testcase classname="backend.tests.test_phase2a_simulation.TestScenarioBuilder" name="test_archive_hides_from_default_list" time="1.839" /><testcase classname="backend.tests.test_phase2a_simulation.TestScenarioBuilder" name="test_delete" time="1.227" /><testcase classname="backend.tests.test_phase2a_simulation.TestCompare" name="test_compare_returns_rows_and_winners" time="0.587" /><testcase classname="backend.tests.test_phase2a_simulation.TestDecisionEngine" name="test_decision_full_shape" time="2.042" /><testcase classname="backend.tests.test_phase2a_simulation.TestDecisionEngine" name="test_decision_recommendations_degrades_gracefully" time="6.845" /><testcase classname="backend.tests.test_phase2a_simulation.TestScoreExplainability" name="test_scores_include_factors_and_explanation" time="2.928" /><testcase classname="backend.tests.test_phase2a_simulation.TestEvents" name="test_events_captured" time="1.397" /></testsuite></testsuites>