<?xml version="1.0" encoding="utf-8"?><testsuites name="pytest tests"><testsuite name="pytest" errors="0" failures="0" skipped="0" tests="17" time="34.021" timestamp="2026-08-29T21:55:28.864821+00:00" hostname="agent-env-f31bcbf9-e051-44cf-a4cd-4225e91f3de3"><testcase classname="backend.tests.test_iter52_phaseb_allocation.TestAllocationEndpoints" name="test_pending_counts" time="16.486" /><testcase classname="backend.tests.test_iter52_phaseb_allocation.TestAllocationEndpoints" name="test_list_subadmins" time="1.332" /><testcase classname="backend.tests.test_iter52_phaseb_allocation.TestAllocationEndpoints" name="test_allocate_no_pending_returns_ok_zero" time="2.126" /><testcase classname="backend.tests.test_iter52_phaseb_allocation.TestAllocationEndpoints" name="test_allocate_requires_active_subadmin" time="0.615" /><testcase classname="backend.tests.test_iter52_phaseb_allocation.TestSubAdminCRUD" name="test_create_subadmin" time="1.128" /><testcase classname="backend.tests.test_iter52_phaseb_allocation.TestSubAdminCRUD" name="test_created_subadmin_appears_in_list_active" time="1.565" /><testcase classname="backend.tests.test_iter52_phaseb_allocation.TestSubAdminCRUD" name="test_duplicate_email_conflict" time="0.635" /><testcase classname="backend.tests.test_iter52_phaseb_allocation.TestSubAdminCRUD" name="test_toggle_deactivate" time="2.188" /><testcase classname="backend.tests.test_iter52_phaseb_allocation.TestSubAdminCRUD" name="test_deactivated_cannot_login" time="0.574" /><testcase classname="backend.tests.test_iter52_phaseb_allocation.TestRBAC" name="test_subadmin_cannot_list_subadmins" time="0.970" /><testcase classname="backend.tests.test_iter52_phaseb_allocation.TestRBAC" name="test_subadmin_cannot_create_subadmins" time="0.382" /><testcase classname="backend.tests.test_iter52_phaseb_allocation.TestRBAC" name="test_subadmin_cannot_allocate" time="0.387" /><testcase classname="backend.tests.test_iter52_phaseb_allocation.TestRBAC" name="test_subadmin_cannot_read_allocate_pending" time="0.332" /><testcase classname="backend.tests.test_iter52_phaseb_allocation.TestSubAdminScope" name="test_sakshi_sees_only_allocated" time="1.307" /><testcase classname="backend.tests.test_iter52_phaseb_allocation.TestSubAdminScope" name="test_patnica_sees_zero" time="1.888" /><testcase classname="backend.tests.test_iter52_phaseb_allocation.TestSubAdminScope" name="test_main_admin_sees_all" time="1.313" /><testcase classname="backend.tests.test_iter52_phaseb_allocation" name="test_zz_cleanup_created_subadmin" time="0.702" /></testsuite></testsuites>