<?xml version="1.0" encoding="utf-8"?><testsuites name="pytest tests"><testsuite name="pytest" errors="0" failures="4" skipped="0" tests="4" time="58.764" timestamp="2026-09-12T21:09:40.245518+00:00" hostname="agent-env-f31bcbf9-e051-44cf-a4cd-4225e91f3de3"><testcase classname="backend.tests.test_iter61_resume_fixture00018" name="test_01_retry_existing_review_then_verify_canonical_reads" time="53.437"><failure message="AssertionError: No review pending/failed request found for uid=nhnlL3Jey3QHEuf9z3YyxgEtFL72">backend/tests/test_iter61_resume_fixture00018.py:136: in test_01_retry_existing_review_then_verify_canonical_reads
    req = _wait_approval_row(session, main_headers, uid, "review")
          ^^^^^^^^^^^^^^^^^^^^^^^^^^^^^^^^^^^^^^^^^^^^^^^^^^^^^^^^
backend/tests/test_iter61_resume_fixture00018.py:128: in _wait_approval_row
    raise AssertionError(f"No {kind} pending/failed request found for uid={uid}")
E   AssertionError: No review pending/failed request found for uid=nhnlL3Jey3QHEuf9z3YyxgEtFL72</failure></testcase><testcase classname="backend.tests.test_iter61_resume_fixture00018" name="test_02_bulk_decide_three_requests_and_no_double_grant" time="0.632"><failure message="AssertionError: approved_geid missing from step-1&#10;assert ''">backend/tests/test_iter61_resume_fixture00018.py:205: in test_02_bulk_decide_three_requests_and_no_double_grant
    assert geid, "approved_geid missing from step-1"
E   AssertionError: approved_geid missing from step-1
E   assert ''</failure></testcase><testcase classname="backend.tests.test_iter61_resume_fixture00018" name="test_03_reject_recommendation_main_approve_rejected" time="0.000"><failure message="AssertionError: assert ''">backend/tests/test_iter61_resume_fixture00018.py:319: in test_03_reject_recommendation_main_approve_rejected
    assert geid
E   AssertionError: assert ''</failure></testcase><testcase classname="backend.tests.test_iter61_resume_fixture00018" name="test_04_hard_delete_fixture00018_after_all_success" time="4.438"><failure message="AssertionError: assert 1 == 0&#10; +  where 1 = count_documents({'uid': 'nhnlL3Jey3QHEuf9z3YyxgEtFL72'})&#10; +    where count_documents = Collection(Database(MongoClient(host=['ac-kct7stx-shard-00-02.tpcdrfx.mongodb.net:27017', 'ac-kct7stx-shard-00-01.tpcdrfx.mongodb.net:27017', 'ac-kct7stx-shard-00-00.tpcdrfx.mongodb.net:27017'], document_class=dict, tz_aware=False, connect=True, retrywrites=True, w='majority', appname='Cluster0', authsource='admin', replicaset='atlas-wizbkn-shard-0', tls=True), 'leadnation'), 'verification_submissions').count_documents&#10; +      where Collection(Database(MongoClient(host=['ac-kct7stx-shard-00-02.tpcdrfx.mongodb.net:27017', 'ac-kct7stx-shard-00-01.tpcdrfx.mongodb.net:27017', 'ac-kct7stx-shard-00-00.tpcdrfx.mongodb.net:27017'], document_class=dict, tz_aware=False, connect=True, retrywrites=True, w='majority', appname='Cluster0', authsource='admin', replicaset='atlas-wizbkn-shard-0', tls=True), 'leadnation'), 'verification_submissions') = Database(MongoClient(host=['ac-kct7stx-shard-00-02.tpcdrfx.mongodb.net:27017', 'ac-kct7stx-shard-00-01.tpcdrfx.mongodb.net:27017', 'ac-kct7stx-shard-00-00.tpcdrfx.mongodb.net:27017'], document_class=dict, tz_aware=False, connect=True, retrywrites=True, w='majority', appname='Cluster0', authsource='admin', replicaset='atlas-wizbkn-shard-0', tls=True), 'leadnation').verification_submissions">backend/tests/test_iter61_resume_fixture00018.py:375: in test_04_hard_delete_fixture00018_after_all_success
    assert mongo_db.verification_submissions.count_documents({"uid": uid}) == 0
E   AssertionError: assert 1 == 0
E    +  where 1 = count_documents({'uid': 'nhnlL3Jey3QHEuf9z3YyxgEtFL72'})
E    +    where count_documents = Collection(Database(MongoClient(host=['ac-kct7stx-shard-00-02.tpcdrfx.mongodb.net:27017', 'ac-kct7stx-shard-00-01.tpcdrfx.mongodb.net:27017', 'ac-kct7stx-shard-00-00.tpcdrfx.mongodb.net:27017'], document_class=dict, tz_aware=False, connect=True, retrywrites=True, w='majority', appname='Cluster0', authsource='admin', replicaset='atlas-wizbkn-shard-0', tls=True), 'leadnation'), 'verification_submissions').count_documents
E    +      where Collection(Database(MongoClient(host=['ac-kct7stx-shard-00-02.tpcdrfx.mongodb.net:27017', 'ac-kct7stx-shard-00-01.tpcdrfx.mongodb.net:27017', 'ac-kct7stx-shard-00-00.tpcdrfx.mongodb.net:27017'], document_class=dict, tz_aware=False, connect=True, retrywrites=True, w='majority', appname='Cluster0', authsource='admin', replicaset='atlas-wizbkn-shard-0', tls=True), 'leadnation'), 'verification_submissions') = Database(MongoClient(host=['ac-kct7stx-shard-00-02.tpcdrfx.mongodb.net:27017', 'ac-kct7stx-shard-00-01.tpcdrfx.mongodb.net:27017', 'ac-kct7stx-shard-00-00.tpcdrfx.mongodb.net:27017'], document_class=dict, tz_aware=False, connect=True, retrywrites=True, w='majority', appname='Cluster0', authsource='admin', replicaset='atlas-wizbkn-shard-0', tls=True), 'leadnation').verification_submissions</failure></testcase></testsuite></testsuites>