<?xml version="1.0" encoding="utf-8"?><testsuites name="pytest tests"><testsuite name="pytest" errors="0" failures="0" skipped="0" tests="16" time="53.158" timestamp="2026-09-06T22:58:45.037536+00:00" hostname="agent-env-f31bcbf9-e051-44cf-a4cd-4225e91f3de3"><testcase classname="backend.tests.test_iter55_users_full.TestUsersList" name="test_admin_users_contains_target" time="20.330" /><testcase classname="backend.tests.test_iter55_users_full.TestUsersList" name="test_target_row_has_full_details" time="2.011" /><testcase classname="backend.tests.test_iter55_users_full.TestUsersList" name="test_search_by_email_prefix" time="1.972" /><testcase classname="backend.tests.test_iter55_users_full.TestUsersList" name="test_search_by_mobile" time="1.992" /><testcase classname="backend.tests.test_iter55_users_full.TestUsersList" name="test_search_by_company" time="1.977" /><testcase classname="backend.tests.test_iter55_users_full.TestUsersList" name="test_search_by_customer_id" time="1.953" /><testcase classname="backend.tests.test_iter55_users_full.TestFullProfile" name="test_profile_endpoint_returns_200_for_identity_only_user" time="3.914" /><testcase classname="backend.tests.test_iter55_users_full.TestFullProfile" name="test_admin_ops_edit_endpoints_do_not_404" time="7.167" /><testcase classname="backend.tests.test_iter55_users_full.TestAllocationCategories" name="test_no_verification_bucket_includes_all_registered" time="1.744" /><testcase classname="backend.tests.test_iter55_users_full.TestAllocationCategories" name="test_missing_details_not_flag_when_profile_has_mobile" time="1.751" /><testcase classname="backend.tests.test_iter55_users_full.TestSubAdminRBAC" name="test_subadmin_users_scoped" time="2.344" /><testcase classname="backend.tests.test_iter55_users_full.TestSubAdminRBAC" name="test_subadmin_forbidden_signoff" time="0.358" /><testcase classname="backend.tests.test_iter55_users_full.TestSubAdminRBAC" name="test_subadmin_forbidden_delete" time="0.362" /><testcase classname="backend.tests.test_iter55_users_full.TestSubAdminRBAC" name="test_subadmin_forbidden_subscription_grant" time="0.357" /><testcase classname="backend.tests.test_iter55_users_full.TestSubAdminRBAC" name="test_subadmin_forbidden_other_profile" time="3.093" /><testcase classname="backend.tests.test_iter55_users_full.TestVerifyPrefill" name="test_verify_state_ok" time="1.729" /></testsuite></testsuites>