<?xml version="1.0" encoding="utf-8"?><testsuites name="pytest tests"><testsuite name="pytest" errors="0" failures="0" skipped="0" tests="9" time="28.866" timestamp="2026-08-02T22:50:52.465454+00:00" hostname="agent-env-ca814307-8285-40db-b5d0-28d2f83c99af"><testcase classname="backend.tests.test_vbie_iteration35.TestBuyerDetailLockedFields" name="test_fixed_geid_has_new_keys" time="11.388" /><testcase classname="backend.tests.test_vbie_iteration35.TestBuyerDetailLockedFields" name="test_searched_geid_has_new_keys" time="0.948" /><testcase classname="backend.tests.test_vbie_iteration35.TestAdminListGeidSearch" name="test_admin_list_q_by_geid" time="0.841" /><testcase classname="backend.tests.test_vbie_iteration35.TestRegressions" name="test_production_audit" time="4.702" /><testcase classname="backend.tests.test_vbie_iteration35.TestRegressions" name="test_meta_total" time="1.185" /><testcase classname="backend.tests.test_vbie_iteration35.TestRegressions" name="test_analytics_json" time="2.991" /><testcase classname="backend.tests.test_vbie_iteration35.TestRegressions" name="test_analytics_xlsx" time="3.169" /><testcase classname="backend.tests.test_vbie_iteration35.TestRegressions" name="test_export_xlsx" time="2.230" /><testcase classname="backend.tests.test_vbie_iteration35.TestRegressions" name="test_export_pdf" time="1.337" /></testsuite></testsuites>