<?xml version="1.0" encoding="utf-8"?><testsuites name="pytest tests"><testsuite name="pytest" errors="0" failures="0" skipped="0" tests="9" time="24.232" timestamp="2026-09-13T22:18:00.059726+00:00" hostname="agent-env-9ef41f57-42dd-4e8b-bbb9-394a3e45d44d"><testcase classname="backend.tests.test_iter66_pricing" name="test_services_list_has_business_website" time="16.836" /><testcase classname="backend.tests.test_iter66_pricing" name="test_service_detail_business_website" time="0.397" /><testcase classname="backend.tests.test_iter66_pricing" name="test_admin_rates_requires_auth" time="0.319" /><testcase classname="backend.tests.test_iter66_pricing" name="test_admin_rates_list" time="0.354" /><testcase classname="backend.tests.test_iter66_pricing" name="test_admin_rates_save_and_live_gst" time="1.444" /><testcase classname="backend.tests.test_iter66_pricing" name="test_intl_price_editing_consulting" time="2.041" /><testcase classname="backend.tests.test_iter66_pricing" name="test_zzz_restore_all_original_prices" time="1.444" /><testcase classname="backend.tests.test_iter66_pricing" name="test_service_request_business_website" time="0.924" /><testcase classname="backend.tests.test_iter66_pricing" name="test_pricing_config_still_works" time="0.382" /></testsuite></testsuites>