<?xml version="1.0" encoding="utf-8"?><testsuites name="pytest tests"><testsuite name="pytest" errors="0" failures="0" skipped="0" tests="3" time="9.071" timestamp="2026-06-29T21:32:23.498660+00:00" hostname="agent-env-00905333-b708-4320-b34a-5289efe67fa2"><testcase classname="backend.tests.test_otp_verify" name="test_request_otp_returns_test_mode" time="2.418" /><testcase classname="backend.tests.test_otp_verify" name="test_verify_otp_wrong_code_returns_400" time="0.162" /><testcase classname="backend.tests.test_otp_verify" name="test_verify_otp_correct_code_marks_verified" time="6.421" /></testsuite></testsuites>