<?xml version="1.0" encoding="utf-8"?><testsuites name="pytest tests"><testsuite name="pytest" errors="0" failures="0" skipped="0" tests="9" time="33.123" timestamp="2026-06-29T12:23:51.249404+00:00" hostname="agent-env-00905333-b708-4320-b34a-5289efe67fa2"><testcase classname="backend.tests.test_duty_engine" name="test_countries_50_plus" time="0.122" /><testcase classname="backend.tests.test_duty_engine" name="test_meta_has_timestamps" time="0.142" /><testcase classname="backend.tests.test_duty_engine" name="test_lookup_coffee_usa_to_india" time="5.595" /><testcase classname="backend.tests.test_duty_engine" name="test_lookup_germany_car" time="6.088" /><testcase classname="backend.tests.test_duty_engine" name="test_lookup_rodtep_india_to_germany" time="6.910" /><testcase classname="backend.tests.test_duty_engine" name="test_lookup_no_data_graceful" time="11.066" /><testcase classname="backend.tests.test_duty_engine" name="test_refresh_no_auth_401" time="0.102" /><testcase classname="backend.tests.test_duty_engine" name="test_refresh_with_admin_jwt" time="1.651" /><testcase classname="backend.tests.test_duty_engine" name="test_brain_duty_benefits_engine" time="1.284" /></testsuite></testsuites>