<?xml version="1.0" encoding="utf-8"?><testsuites name="pytest tests"><testsuite name="pytest" errors="0" failures="1" skipped="0" tests="30" time="4.664" timestamp="2026-06-20T21:38:18.154797+00:00" hostname="agent-env-37c4b20d-c4f1-48cd-837b-344867e5d88d"><testcase classname="backend.tests.test_phase5_admin.TestAdminLogin" name="test_login_success" time="0.242" /><testcase classname="backend.tests.test_phase5_admin.TestAdminLogin" name="test_login_wrong_token" time="0.101" /><testcase classname="backend.tests.test_phase5_admin.TestAdminCollections" name="test_list_collections_requires_auth" time="0.127" /><testcase classname="backend.tests.test_phase5_admin.TestAdminCollections" name="test_list_collections_with_token" time="0.133" /><testcase classname="backend.tests.test_phase5_admin.TestCmsCrud" name="test_get_products" time="0.096" /><testcase classname="backend.tests.test_phase5_admin.TestCmsCrud" name="test_unknown_collection_404" time="0.100" /><testcase classname="backend.tests.test_phase5_admin.TestCmsCrud" name="test_crud_lifecycle" time="0.515" /><testcase classname="backend.tests.test_phase5_admin.TestLeads" name="test_leads_list_requires_auth" time="0.096" /><testcase classname="backend.tests.test_phase5_admin.TestLeads" name="test_leads_list" time="0.108" /><testcase classname="backend.tests.test_phase5_admin.TestLeads" name="test_leads_csv" time="0.111" /><testcase classname="backend.tests.test_phase5_admin.TestLeads" name="test_leads_csv_wrong_token" time="0.130" /><testcase classname="backend.tests.test_phase5_admin.TestServices" name="test_list_services" time="0.094" /><testcase classname="backend.tests.test_phase5_admin.TestServices" name="test_service_detail" time="0.096" /><testcase classname="backend.tests.test_phase5_admin.TestServices" name="test_service_unknown" time="0.094" /><testcase classname="backend.tests.test_phase5_admin.TestServiceRequests" name="test_create_service_request_creates_lead" time="0.504" /><testcase classname="backend.tests.test_phase5_admin.TestServiceRequests" name="test_admin_service_requests_requires_auth" time="0.096" /><testcase classname="backend.tests.test_phase5_admin.TestDirectory" name="test_directory_returns_items[exporters]" time="0.092" /><testcase classname="backend.tests.test_phase5_admin.TestDirectory" name="test_directory_returns_items[importers]" time="0.098" /><testcase classname="backend.tests.test_phase5_admin.TestDirectory" name="test_directory_returns_items[suppliers]" time="0.097" /><testcase classname="backend.tests.test_phase5_admin.TestDirectory" name="test_directory_returns_items[cha]" time="0.104" /><testcase classname="backend.tests.test_phase5_admin.TestDirectory" name="test_directory_returns_items[export-agents]" time="0.390" /><testcase classname="backend.tests.test_phase5_admin.TestDirectory" name="test_exporters_count" time="0.093" /><testcase classname="backend.tests.test_phase5_admin.TestDirectory" name="test_directory_unknown" time="0.092" /><testcase classname="backend.tests.test_phase5_admin.TestDirectory" name="test_directory_filter_country" time="0.097" /><testcase classname="backend.tests.test_phase5_admin.TestDirectory" name="test_directory_search_q" time="0.098" /><testcase classname="backend.tests.test_phase5_admin.TestGlobalSearch" name="test_rice" time="0.099" /><testcase classname="backend.tests.test_phase5_admin.TestGlobalSearch" name="test_iec" time="0.143" /><testcase classname="backend.tests.test_phase5_admin.TestGlobalSearch" name="test_india" time="0.095"><failure message="assert False&#10; +  where False = any(&lt;generator object TestGlobalSearch.test_india.&lt;locals&gt;.&lt;genexpr&gt; at 0xfc0352dc3d30&gt;)">backend/tests/test_phase5_admin.py:241: in test_india
    assert any(x["type"] == "country" for x in results)
E   assert False
E    +  where False = any(&lt;generator object TestGlobalSearch.test_india.&lt;locals&gt;.&lt;genexpr&gt; at 0xfc0352dc3d30&gt;)</failure></testcase><testcase classname="backend.tests.test_phase5_admin.TestTrack" name="test_track_and_admin_events" time="0.304" /><testcase classname="backend.tests.test_phase5_admin.TestTrack" name="test_admin_events_requires_auth" time="0.094" /></testsuite></testsuites>