<?xml version="1.0" encoding="utf-8"?><testsuites name="pytest tests"><testsuite name="pytest" errors="0" failures="0" skipped="0" tests="13" time="16.127" timestamp="2026-06-27T18:10:21.160764+00:00" hostname="agent-env-00905333-b708-4320-b34a-5289efe67fa2"><testcase classname="backend.tests.test_phase9_brain_everywhere.TestPageContext" name="test_country_page_injects_uae" time="0.216" /><testcase classname="backend.tests.test_phase9_brain_everywhere.TestPageContext" name="test_product_page_injects_agarbatti" time="3.542" /><testcase classname="backend.tests.test_phase9_brain_everywhere.TestRecsCtas" name="test_iec_question_returns_relevant_ctas" time="2.623" /><testcase classname="backend.tests.test_phase9_brain_everywhere.TestRolePersonalization" name="test_importer_role_boost" time="3.966" /><testcase classname="backend.tests.test_phase9_brain_everywhere.TestMultilingual" name="test_language_echo" time="1.733" /><testcase classname="backend.tests.test_phase9_brain_everywhere.TestRegression" name="test_ask_without_page_context" time="1.804" /><testcase classname="backend.tests.test_phase9_brain_everywhere.TestRegression" name="test_caching_works" time="1.864" /><testcase classname="backend.tests.test_phase9_brain_everywhere.TestRegression" name="test_brain_search" time="0.041" /><testcase classname="backend.tests.test_phase9_brain_everywhere.TestRegression" name="test_admin_brain_overview" time="0.050" /><testcase classname="backend.tests.test_phase9_brain_everywhere.TestRegression" name="test_countries" time="0.081" /><testcase classname="backend.tests.test_phase9_brain_everywhere.TestRegression" name="test_services" time="0.040" /><testcase classname="backend.tests.test_phase9_brain_everywhere.TestRegression" name="test_duty_calc" time="0.039" /><testcase classname="backend.tests.test_phase9_brain_everywhere.TestRegression" name="test_admin_login" time="0.041" /></testsuite></testsuites>