<?xml version="1.0" encoding="utf-8"?><testsuites name="pytest tests"><testsuite name="pytest" errors="0" failures="1" skipped="0" tests="24" time="32.940" timestamp="2026-06-27T17:57:20.174363+00:00" hostname="agent-env-00905333-b708-4320-b34a-5289efe67fa2"><testcase classname="backend.tests.test_phase8_brain_live" name="test_brain_status_live" time="0.190" /><testcase classname="backend.tests.test_phase8_brain_live" name="test_brain_engines_provider" time="0.041" /><testcase classname="backend.tests.test_phase8_brain_live" name="test_brain_ask_live_uae_export" time="0.048"><failure message="AssertionError: assert True is False&#10; +  where True = &lt;built-in method get of dict object at 0xfa9e49a4e3c0&gt;('cached')&#10; +    where &lt;built-in method get of dict object at 0xfa9e49a4e3c0&gt; = {'question': 'Can I export agarbatti to UAE and which documents are required?', 'answer': '## Yes — you can export agarbatti to UAE\n\n- **Agarbatti (Incense Sticks)** to **United Arab Emirates** is supported in the LeadNation engine.\n- **Estimated duty:** **0%** under **FTA preferential access** (e.g., **CEPA/ECTA**).\n- UAE is a strong market and a major re-export hub.\n\n## Required documents / compliance\n\n### From India\n- **IEC (Import Export Code)** — mandatory for any cross-border trade\n- **GST Registration** — required if applicable for exporter refunds / compliance\n- **RCMC** — needed to claim DGFT export incentives like **RoDTEP**\n- **Export documents:**\n  - **Commercial Invoice**\n  - **Packing List**\n  - **Bill of Lading / Air Waybill**\n  - **Certificate of Origin**\n  - **FTA certificate** if claiming preferential duty\n  - **Inspection / health certificates** if applicable\n  - **LC and insurance** if used in the transaction\n\n### Customs clearance\n- Filed through **ICEGATE**\n- Classification, valuation, and origin will matter for clearance and preferential duty\n\n## Logistics route\n- Typical sea route: **Mundra → UAE**\n- Ports commonly used: **Mundra, Nhava Sheva, Chennai**\n- Modes: **FCL, LCL, Air**\n\n## Practical note\n- For the **exact landed cost** and to confirm whether any product-specific document is needed for your shipment, use the **LeadNation Duty Calculator** and **Export Documentation** support.\n\nIf you want, I can also give you a **shipment-ready document checklist for agarbatti to UAE**.', 'provider': 'openai', 'model': 'gpt-5.4-mini', ...}.get">backend/tests/test_phase8_brain_live.py:88: in test_brain_ask_live_uae_export
    assert body.get("cached") is False
E   AssertionError: assert True is False
E    +  where True = &lt;built-in method get of dict object at 0xfa9e49a4e3c0&gt;('cached')
E    +    where &lt;built-in method get of dict object at 0xfa9e49a4e3c0&gt; = {'question': 'Can I export agarbatti to UAE and which documents are required?', 'answer': '## Yes — you can export agarbatti to UAE\n\n- **Agarbatti (Incense Sticks)** to **United Arab Emirates** is supported in the LeadNation engine.\n- **Estimated duty:** **0%** under **FTA preferential access** (e.g., **CEPA/ECTA**).\n- UAE is a strong market and a major re-export hub.\n\n## Required documents / compliance\n\n### From India\n- **IEC (Import Export Code)** — mandatory for any cross-border trade\n- **GST Registration** — required if applicable for exporter refunds / compliance\n- **RCMC** — needed to claim DGFT export incentives like **RoDTEP**\n- **Export documents:**\n  - **Commercial Invoice**\n  - **Packing List**\n  - **Bill of Lading / Air Waybill**\n  - **Certificate of Origin**\n  - **FTA certificate** if claiming preferential duty\n  - **Inspection / health certificates** if applicable\n  - **LC and insurance** if used in the transaction\n\n### Customs clearance\n- Filed through **ICEGATE**\n- Classification, valuation, and origin will matter for clearance and preferential duty\n\n## Logistics route\n- Typical sea route: **Mundra → UAE**\n- Ports commonly used: **Mundra, Nhava Sheva, Chennai**\n- Modes: **FCL, LCL, Air**\n\n## Practical note\n- For the **exact landed cost** and to confirm whether any product-specific document is needed for your shipment, use the **LeadNation Duty Calculator** and **Export Documentation** support.\n\nIf you want, I can also give you a **shipment-ready document checklist for agarbatti to UAE**.', 'provider': 'openai', 'model': 'gpt-5.4-mini', ...}.get</failure></testcase><testcase classname="backend.tests.test_phase8_brain_live" name="test_brain_ask_live_others[Which HSN code should I use for Basmati rice?]" time="3.085" /><testcase classname="backend.tests.test_phase8_brain_live" name="test_brain_ask_live_others[How do I get IEC registration?]" time="1.460" /><testcase classname="backend.tests.test_phase8_brain_live" name="test_brain_ask_live_others[What certifications are required for pharmaceuticals?]" time="2.133" /><testcase classname="backend.tests.test_phase8_brain_live" name="test_brain_ask_cached_on_repeat" time="1.580" /><testcase classname="backend.tests.test_phase8_brain_live" name="test_brain_ask_unrelated_no_crash" time="1.406" /><testcase classname="backend.tests.test_phase8_brain_live" name="test_brain_ask_rate_limit" time="20.307" /><testcase classname="backend.tests.test_phase8_brain_live" name="test_brain_search_iec" time="0.041" /><testcase classname="backend.tests.test_phase8_brain_live" name="test_brain_search_basmati" time="0.038" /><testcase classname="backend.tests.test_phase8_brain_live" name="test_brain_context_set_get" time="0.092" /><testcase classname="backend.tests.test_phase8_brain_live" name="test_brain_save" time="0.048" /><testcase classname="backend.tests.test_phase8_brain_live" name="test_brain_conversation_after_ask" time="1.682" /><testcase classname="backend.tests.test_phase8_brain_live" name="test_admin_brain_overview_requires_token" time="0.042" /><testcase classname="backend.tests.test_phase8_brain_live" name="test_admin_brain_overview_full" time="0.173" /><testcase classname="backend.tests.test_phase8_brain_live" name="test_get_endpoint_ok[/countries]" time="0.041" /><testcase classname="backend.tests.test_phase8_brain_live" name="test_get_endpoint_ok[/products-catalog]" time="0.081" /><testcase classname="backend.tests.test_phase8_brain_live" name="test_get_endpoint_ok[/services]" time="0.047" /><testcase classname="backend.tests.test_phase8_brain_live" name="test_global_search_rice" time="0.051" /><testcase classname="backend.tests.test_phase8_brain_live" name="test_duty_calc" time="0.041" /><testcase classname="backend.tests.test_phase8_brain_live" name="test_lead_create" time="0.083" /><testcase classname="backend.tests.test_phase8_brain_live" name="test_admin_login" time="0.042" /><testcase classname="backend.tests.test_phase8_brain_live" name="test_admin_leads_with_token" time="0.051" /></testsuite></testsuites>