<?xml version="1.0" encoding="utf-8"?><testsuites name="pytest tests"><testsuite name="pytest" errors="0" failures="0" skipped="0" tests="38" time="2.033" timestamp="2026-06-27T17:33:57.124699+00:00" hostname="agent-env-00905333-b708-4320-b34a-5289efe67fa2"><testcase classname="backend.tests.test_phase7_brain" name="test_get_endpoint_ok[/countries]" time="0.153" /><testcase classname="backend.tests.test_phase7_brain" name="test_get_endpoint_ok[/products]" time="0.049" /><testcase classname="backend.tests.test_phase7_brain" name="test_get_endpoint_ok[/products-catalog]" time="0.044" /><testcase classname="backend.tests.test_phase7_brain" name="test_get_endpoint_ok[/corridors]" time="0.047" /><testcase classname="backend.tests.test_phase7_brain" name="test_get_endpoint_ok[/industries]" time="0.048" /><testcase classname="backend.tests.test_phase7_brain" name="test_get_endpoint_ok[/blog]" time="0.046" /><testcase classname="backend.tests.test_phase7_brain" name="test_get_endpoint_ok[/services]" time="0.044" /><testcase classname="backend.tests.test_phase7_brain" name="test_get_endpoint_ok[/trade-news]" time="0.044" /><testcase classname="backend.tests.test_phase7_brain" name="test_get_endpoint_ok[/expos]" time="0.043" /><testcase classname="backend.tests.test_phase7_brain" name="test_get_endpoint_ok[/intelligence]" time="0.042" /><testcase classname="backend.tests.test_phase7_brain" name="test_get_endpoint_ok[/academy]" time="0.045" /><testcase classname="backend.tests.test_phase7_brain" name="test_get_endpoint_ok[/country-profiles]" time="0.042" /><testcase classname="backend.tests.test_phase7_brain" name="test_get_endpoint_ok[/hsn]" time="0.043" /><testcase classname="backend.tests.test_phase7_brain" name="test_get_endpoint_ok[/directory/exporters]" time="0.044" /><testcase classname="backend.tests.test_phase7_brain" name="test_global_search_rice" time="0.045" /><testcase classname="backend.tests.test_phase7_brain" name="test_duty_calc" time="0.044" /><testcase classname="backend.tests.test_phase7_brain" name="test_hsn_finder" time="0.045" /><testcase classname="backend.tests.test_phase7_brain" name="test_landed_cost" time="0.041" /><testcase classname="backend.tests.test_phase7_brain" name="test_export_readiness" time="0.044" /><testcase classname="backend.tests.test_phase7_brain" name="test_lead_create" time="0.047" /><testcase classname="backend.tests.test_phase7_brain" name="test_ai_ask_legacy" time="0.046" /><testcase classname="backend.tests.test_phase7_brain" name="test_admin_login" time="0.043" /><testcase classname="backend.tests.test_phase7_brain" name="test_admin_leads_requires_token" time="0.045" /><testcase classname="backend.tests.test_phase7_brain" name="test_admin_leads_with_token" time="0.103" /><testcase classname="backend.tests.test_phase7_brain" name="test_admin_collections" time="0.050" /><testcase classname="backend.tests.test_phase7_brain" name="test_brain_engines" time="0.046" /><testcase classname="backend.tests.test_phase7_brain" name="test_brain_status" time="0.042" /><testcase classname="backend.tests.test_phase7_brain" name="test_brain_search" time="0.045" /><testcase classname="backend.tests.test_phase7_brain" name="test_brain_ask_agarbatti_uae" time="0.054" /><testcase classname="backend.tests.test_phase7_brain" name="test_brain_ask_other[Which HSN code for Basmati rice?]" time="0.047" /><testcase classname="backend.tests.test_phase7_brain" name="test_brain_ask_other[How do I get IEC registration?]" time="0.047" /><testcase classname="backend.tests.test_phase7_brain" name="test_brain_ask_other[What is the duty on textiles to Australia?]" time="0.050" /><testcase classname="backend.tests.test_phase7_brain" name="test_brain_context_set_get" time="0.089" /><testcase classname="backend.tests.test_phase7_brain" name="test_brain_conversation_after_ask" time="0.045" /><testcase classname="backend.tests.test_phase7_brain" name="test_brain_save" time="0.046" /><testcase classname="backend.tests.test_phase7_brain" name="test_admin_brain_requires_token" time="0.049" /><testcase classname="backend.tests.test_phase7_brain" name="test_admin_brain_overview" time="0.049" /><testcase classname="backend.tests.test_phase7_brain" name="test_admin_brain_reseed" time="0.061" /></testsuite></testsuites>