<?xml version="1.0" encoding="utf-8"?><testsuites name="pytest tests"><testsuite name="pytest" errors="0" failures="0" skipped="0" tests="15" time="1.078" timestamp="2026-06-20T20:37:21.512358+00:00" hostname="agent-env-37c4b20d-c4f1-48cd-837b-344867e5d88d"><testcase classname="backend.tests.test_leadnation_api.TestReference" name="test_countries" time="0.253" /><testcase classname="backend.tests.test_leadnation_api.TestReference" name="test_business_types" time="0.056" /><testcase classname="backend.tests.test_leadnation_api.TestReference" name="test_trade_directions" time="0.048" /><testcase classname="backend.tests.test_leadnation_api.TestReference" name="test_products" time="0.045" /><testcase classname="backend.tests.test_leadnation_api.TestTradeNews" name="test_trade_news" time="0.048" /><testcase classname="backend.tests.test_leadnation_api.TestExpos" name="test_expos" time="0.047" /><testcase classname="backend.tests.test_leadnation_api.TestCustoms" name="test_customs_compliance" time="0.047" /><testcase classname="backend.tests.test_leadnation_api.TestCustoms" name="test_customs_export_uae" time="0.047" /><testcase classname="backend.tests.test_leadnation_api.TestProductInfo" name="test_product_info" time="0.053" /><testcase classname="backend.tests.test_leadnation_api.TestSearch" name="test_search_ind" time="0.047" /><testcase classname="backend.tests.test_leadnation_api.TestSearch" name="test_search_basm" time="0.046" /><testcase classname="backend.tests.test_leadnation_api.TestSearch" name="test_search_empty" time="0.045" /><testcase classname="backend.tests.test_leadnation_api.TestLeads" name="test_create_lead" time="0.062" /><testcase classname="backend.tests.test_leadnation_api.TestLeads" name="test_create_lead_invalid_email" time="0.047" /><testcase classname="backend.tests.test_leadnation_api.TestIndiaFeatures" name="test_india_features" time="0.047" /></testsuite></testsuites>