<?xml version="1.0" encoding="utf-8"?><testsuites name="pytest tests"><testsuite name="pytest" errors="0" failures="0" skipped="0" tests="8" time="21.438" timestamp="2026-08-07T11:22:09.734554+00:00" hostname="agent-env-105cb296-3c63-4c17-9380-5846853fcada"><testcase classname="backend.tests.test_payments_admin.TestAdminTransactions" name="test_list_returns_schema" time="15.215" /><testcase classname="backend.tests.test_payments_admin.TestAdminTransactions" name="test_filter_status_paid" time="0.699" /><testcase classname="backend.tests.test_payments_admin.TestAdminTransactions" name="test_filter_gateway_razorpay" time="0.350" /><testcase classname="backend.tests.test_payments_admin.TestAdminTransactions" name="test_requires_admin" time="0.098" /><testcase classname="backend.tests.test_payments_admin.TestPricingRouting" name="test_pricing_in_razorpay" time="1.014" /><testcase classname="backend.tests.test_payments_admin.TestPricingRouting" name="test_pricing_intl_stripe" time="0.780" /><testcase classname="backend.tests.test_payments_admin.TestOrderCreation" name="test_razorpay_order" time="1.679" /><testcase classname="backend.tests.test_payments_admin.TestOrderCreation" name="test_stripe_checkout" time="1.520" /></testsuite></testsuites>