<?xml version="1.0" encoding="utf-8"?><testsuites name="pytest tests"><testsuite name="pytest" errors="0" failures="0" skipped="0" tests="60" time="3.018" timestamp="2026-06-20T21:17:39.118242+00:00" hostname="agent-env-37c4b20d-c4f1-48cd-837b-344867e5d88d"><testcase classname="backend.tests.test_leadnation_api.TestReference" name="test_countries" time="0.224" /><testcase classname="backend.tests.test_leadnation_api.TestReference" name="test_business_types" time="0.050" /><testcase classname="backend.tests.test_leadnation_api.TestReference" name="test_trade_directions" time="0.045" /><testcase classname="backend.tests.test_leadnation_api.TestReference" name="test_products" time="0.047" /><testcase classname="backend.tests.test_leadnation_api.TestTradeNews" name="test_trade_news" time="0.044" /><testcase classname="backend.tests.test_leadnation_api.TestExpos" name="test_expos" time="0.044" /><testcase classname="backend.tests.test_leadnation_api.TestCustoms" name="test_customs_compliance" time="0.044" /><testcase classname="backend.tests.test_leadnation_api.TestCustoms" name="test_customs_export_uae" time="0.045" /><testcase classname="backend.tests.test_leadnation_api.TestProductInfo" name="test_product_info" time="0.045" /><testcase classname="backend.tests.test_leadnation_api.TestSearch" name="test_search_ind" time="0.044" /><testcase classname="backend.tests.test_leadnation_api.TestSearch" name="test_search_basm" time="0.043" /><testcase classname="backend.tests.test_leadnation_api.TestSearch" name="test_search_empty" time="0.044" /><testcase classname="backend.tests.test_leadnation_api.TestLeads" name="test_create_lead" time="0.052" /><testcase classname="backend.tests.test_leadnation_api.TestLeads" name="test_create_lead_invalid_email" time="0.043" /><testcase classname="backend.tests.test_leadnation_api.TestIndiaFeatures" name="test_india_features" time="0.043" /><testcase classname="backend.tests.test_leadnation_api.TestDutyCalculator" name="test_duty_calc_in_ae_agri" time="0.045" /><testcase classname="backend.tests.test_leadnation_api.TestDutyCalculator" name="test_duty_calc_electronics_rate" time="0.047" /><testcase classname="backend.tests.test_leadnation_api.TestDutyCalculator" name="test_duty_calc_pharma_rate" time="0.044" /><testcase classname="backend.tests.test_leadnation_api.TestDutyCalculator" name="test_duty_calc_autos_rate" time="0.044" /><testcase classname="backend.tests.test_leadnation_api.TestCountryProfiles" name="test_list_country_profiles" time="0.044" /><testcase classname="backend.tests.test_leadnation_api.TestCountryProfiles" name="test_country_profile_detail[india]" time="0.043" /><testcase classname="backend.tests.test_leadnation_api.TestCountryProfiles" name="test_country_profile_detail[uae]" time="0.045" /><testcase classname="backend.tests.test_leadnation_api.TestCountryProfiles" name="test_country_profile_detail[usa]" time="0.044" /><testcase classname="backend.tests.test_leadnation_api.TestCountryProfiles" name="test_country_profile_detail[australia]" time="0.044" /><testcase classname="backend.tests.test_leadnation_api.TestCountryProfiles" name="test_country_profile_detail[armenia]" time="0.044" /><testcase classname="backend.tests.test_leadnation_api.TestCountryProfiles" name="test_country_profile_unknown" time="0.045" /><testcase classname="backend.tests.test_leadnation_api.TestAcademy" name="test_academy" time="0.043" /><testcase classname="backend.tests.test_leadnation_api.TestIntelligence" name="test_intelligence" time="0.047" /><testcase classname="backend.tests.test_leadnation_api.TestHsnFinder" name="test_hsn_finder_rice" time="0.043" /><testcase classname="backend.tests.test_leadnation_api.TestHsnFinder" name="test_hsn_finder_fallback" time="0.043" /><testcase classname="backend.tests.test_leadnation_api.TestLandedCost" name="test_landed_cost" time="0.043" /><testcase classname="backend.tests.test_leadnation_api.TestExportIncentive" name="test_export_incentive" time="0.043" /><testcase classname="backend.tests.test_leadnation_api.TestProductResearch" name="test_product_research" time="0.043" /><testcase classname="backend.tests.test_leadnation_api.TestFindBuyers" name="test_find_buyers_all" time="0.044" /><testcase classname="backend.tests.test_leadnation_api.TestFindBuyers" name="test_find_buyers_filter" time="0.043" /><testcase classname="backend.tests.test_leadnation_api.TestExportReadiness" name="test_all_true_100" time="0.044" /><testcase classname="backend.tests.test_leadnation_api.TestExportReadiness" name="test_all_false_0" time="0.044" /><testcase classname="backend.tests.test_leadnation_api.TestExportReadiness" name="test_lead_captured" time="0.043" /><testcase classname="backend.tests.test_leadnation_api.TestAiAsk" name="test_ai_documents" time="0.044" /><testcase classname="backend.tests.test_leadnation_api.TestAiAsk" name="test_ai_fallback" time="0.044" /><testcase classname="backend.tests.test_leadnation_api.TestProductsCatalog" name="test_list" time="0.048" /><testcase classname="backend.tests.test_leadnation_api.TestProductsCatalog" name="test_detail_basmati" time="0.044" /><testcase classname="backend.tests.test_leadnation_api.TestProductsCatalog" name="test_unknown" time="0.042" /><testcase classname="backend.tests.test_leadnation_api.TestCorridors" name="test_list" time="0.043" /><testcase classname="backend.tests.test_leadnation_api.TestCorridors" name="test_detail_uae" time="0.044" /><testcase classname="backend.tests.test_leadnation_api.TestCorridors" name="test_unknown" time="0.044" /><testcase classname="backend.tests.test_leadnation_api.TestHsn" name="test_list" time="0.045" /><testcase classname="backend.tests.test_leadnation_api.TestHsn" name="test_detail" time="0.045" /><testcase classname="backend.tests.test_leadnation_api.TestHsn" name="test_unknown" time="0.044" /><testcase classname="backend.tests.test_leadnation_api.TestIndustries" name="test_list" time="0.042" /><testcase classname="backend.tests.test_leadnation_api.TestIndustries" name="test_detail" time="0.043" /><testcase classname="backend.tests.test_leadnation_api.TestIndustries" name="test_unknown" time="0.042" /><testcase classname="backend.tests.test_leadnation_api.TestBlog" name="test_list" time="0.042" /><testcase classname="backend.tests.test_leadnation_api.TestBlog" name="test_detail" time="0.049" /><testcase classname="backend.tests.test_leadnation_api.TestSuppliers" name="test_list" time="0.045" /><testcase classname="backend.tests.test_leadnation_api.TestSuppliers" name="test_filter_country" time="0.044" /><testcase classname="backend.tests.test_leadnation_api.TestSuppliers" name="test_filter_q" time="0.045" /><testcase classname="backend.tests.test_leadnation_api.TestMarketplace" name="test_marketplace" time="0.047" /><testcase classname="backend.tests.test_leadnation_api.TestNetwork" name="test_network" time="0.050" /><testcase classname="backend.tests.test_leadnation_api.TestSitemap" name="test_sitemap" time="0.048" /></testsuite></testsuites>