<?xml version="1.0" encoding="utf-8"?><testsuites name="pytest tests"><testsuite name="pytest" errors="0" failures="0" skipped="0" tests="11" time="19.968" timestamp="2026-07-27T22:41:46.574089+00:00" hostname="agent-env-cd32faaf-35fd-45a7-a21a-af144d2b0abb"><testcase classname="backend.tests.test_vbie_buyers" name="test_meta" time="13.933" /><testcase classname="backend.tests.test_vbie_buyers" name="test_search_default_returns_12" time="0.750" /><testcase classname="backend.tests.test_vbie_buyers" name="test_search_country_uk" time="0.520" /><testcase classname="backend.tests.test_vbie_buyers" name="test_search_sector" time="0.512" /><testcase classname="backend.tests.test_vbie_buyers" name="test_search_corridor" time="0.522" /><testcase classname="backend.tests.test_vbie_buyers" name="test_search_trust_min" time="1.027" /><testcase classname="backend.tests.test_vbie_buyers" name="test_search_q_textiles" time="0.511" /><testcase classname="backend.tests.test_vbie_buyers" name="test_get_buyer_detail" time="0.792" /><testcase classname="backend.tests.test_vbie_buyers" name="test_get_buyer_evidence" time="0.283" /><testcase classname="backend.tests.test_vbie_buyers" name="test_get_buyer_404" time="0.280" /><testcase classname="backend.tests.test_vbie_buyers" name="test_claim_buyer" time="0.749" /></testsuite></testsuites>