<?xml version="1.0" encoding="utf-8"?><testsuites name="pytest tests"><testsuite name="pytest" errors="0" failures="2" skipped="0" tests="11" time="28.388" timestamp="2026-08-11T22:50:42.902963+00:00" hostname="agent-env-24987a1b-169c-421a-a91f-9be31f16382d"><testcase classname="backend.tests.test_vbie_privacy.TestBuyerProfilePayload" name="test_entitled_has_no_provenance_website_source_url" time="16.650" /><testcase classname="backend.tests.test_vbie_privacy.TestBuyerProfilePayload" name="test_entitled_no_registry_leak_in_full_payload" time="0.880"><failure message="AssertionError: registry leak in /buyers/{geid}: ['GLEIF', 'EU Tenders Electronic Daily']&#10;assert not ['GLEIF', 'EU Tenders Electronic Daily']">backend/tests/test_vbie_privacy.py:76: in test_entitled_no_registry_leak_in_full_payload
    assert not leaked, f"registry leak in /buyers/{{geid}}: {leaked}"
E   AssertionError: registry leak in /buyers/{geid}: ['GLEIF', 'EU Tenders Electronic Daily']
E   assert not ['GLEIF', 'EU Tenders Electronic Daily']</failure></testcase><testcase classname="backend.tests.test_vbie_privacy.TestBuyerProfilePayload" name="test_anonymous_returns_locked_login_no_leaks" time="0.344"><failure message="AssertionError: registry leak (anonymous): ['GLEIF', 'EU Tenders Electronic Daily']&#10;assert not ['GLEIF', 'EU Tenders Electronic Daily']">backend/tests/test_vbie_privacy.py:89: in test_anonymous_returns_locked_login_no_leaks
    assert not leaked, f"registry leak (anonymous): {leaked}"
E   AssertionError: registry leak (anonymous): ['GLEIF', 'EU Tenders Electronic Daily']
E   assert not ['GLEIF', 'EU Tenders Electronic Daily']</failure></testcase><testcase classname="backend.tests.test_vbie_privacy.TestReveal" name="test_reveal_anonymous_402" time="0.334" /><testcase classname="backend.tests.test_vbie_privacy.TestReveal" name="test_reveal_nonsub_402" time="1.254" /><testcase classname="backend.tests.test_vbie_privacy.TestReveal" name="test_reveal_subscriber_200" time="1.059" /><testcase classname="backend.tests.test_vbie_privacy.TestReveal" name="test_reveal_admin_firebase_200" time="0.891" /><testcase classname="backend.tests.test_vbie_privacy.TestEvidenceSourcesMeta" name="test_evidence_generic" time="0.816" /><testcase classname="backend.tests.test_vbie_privacy.TestEvidenceSourcesMeta" name="test_sources_no_forbidden" time="0.812" /><testcase classname="backend.tests.test_vbie_privacy.TestEvidenceSourcesMeta" name="test_meta_disclaimer_no_registry" time="1.202" /><testcase classname="backend.tests.test_vbie_privacy.TestContactCoverage" name="test_active_buyers_all_have_contact" time="4.018" /></testsuite></testsuites>