<?xml version="1.0" encoding="utf-8"?><testsuites name="pytest tests"><testsuite name="pytest" errors="0" failures="0" skipped="3" tests="13" time="64.598" timestamp="2026-08-28T23:33:10.748329+00:00" hostname="agent-env-f31bcbf9-e051-44cf-a4cd-4225e91f3de3"><testcase classname="tests.test_verify_iter50" name="test_state_requires_auth" time="15.699" /><testcase classname="tests.test_verify_iter50" name="test_state_with_valid_token" time="1.269" /><testcase classname="tests.test_verify_iter50" name="test_profile_patch_merges_to_overlay" time="2.604" /><testcase classname="tests.test_verify_iter50" name="test_names_match_unit" time="0.369" /><testcase classname="tests.test_verify_iter50" name="test_decide_needs_review_on_name_mismatch" time="0.000" /><testcase classname="tests.test_verify_iter50" name="test_decide_verified_on_matching_high_confidence" time="0.000" /><testcase classname="tests.test_verify_iter50" name="test_completion_required_fields_present" time="0.000" /><testcase classname="tests.test_verify_iter50" name="test_analyze_document_flags_name_mismatch" time="33.607" /><testcase classname="tests.test_verify_iter50" name="test_submit_needs_review_on_mismatch" time="7.277"><skipped type="pytest.skip" message="selfie was rejected (AI judged synthetic) — mismatch gate not exercised, but auto-approve correctly avoided.">/app/backend/tests/test_verify_iter50.py:272: selfie was rejected (AI judged synthetic) — mismatch gate not exercised, but auto-approve correctly avoided.</skipped></testcase><testcase classname="tests.test_verify_iter50" name="test_submission_persisted_with_business_fields" time="0.000" /><testcase classname="tests.test_verify_iter50" name="test_admin_queue_contains_mismatch_submission" time="0.000"><skipped type="pytest.skip" message="submission not routed to needs_review — nothing to inspect">/app/backend/tests/test_verify_iter50.py:291: submission not routed to needs_review — nothing to inspect</skipped></testcase><testcase classname="tests.test_verify_iter50" name="test_admin_decide_reject_roundtrips" time="0.000"><skipped type="pytest.skip" message="nothing to decide">/app/backend/tests/test_verify_iter50.py:305: nothing to decide</skipped></testcase><testcase classname="tests.test_verify_iter50" name="test_weekly_digest_targets_only_verified_optin" time="3.668" /></testsuite></testsuites>