<?xml version="1.0" encoding="utf-8"?><testsuites name="pytest tests"><testsuite name="pytest" errors="0" failures="0" skipped="1" tests="7" time="19.913" timestamp="2026-08-20T21:41:56.124479+00:00" hostname="agent-env-f31bcbf9-e051-44cf-a4cd-4225e91f3de3"><testcase classname="backend.tests.test_verify_admin" name="test_admin_queue_needs_review" time="16.398" /><testcase classname="backend.tests.test_verify_admin" name="test_admin_queue_verified" time="1.212" /><testcase classname="backend.tests.test_verify_admin" name="test_admin_queue_rejected" time="1.199" /><testcase classname="backend.tests.test_verify_admin" name="test_admin_queue_requires_admin_token" time="0.287" /><testcase classname="backend.tests.test_verify_admin" name="test_admin_decide_missing_submission" time="0.459" /><testcase classname="backend.tests.test_verify_admin" name="test_resolve_admin_customer_id" time="0.140"><skipped type="pytest.skip" message="resolve-customer-id not exposed by this backend">/app/backend/tests/test_verify_admin.py:55: resolve-customer-id not exposed by this backend</skipped></testcase><testcase classname="backend.tests.test_verify_admin" name="test_verify_documents_public_or_authed" time="0.149" /></testsuite></testsuites>